PS C:\Users\patrik\PycharmProjects\moje-clanky-api-3> pytest
================================================================================== test session starts ==================================================================================
platform win32 -- Python 3.8.10, pytest-7.1.3, pluggy-1.0.0
rootdir: C:\Users\patrik\PycharmProjects\moje-clanky-api-3, configfile: pyproject.toml, testpaths: tests
plugins: cov-4.0.0, mock-3.10.0, typeguard-2.13.3
collected 121 items

tests\test_integration\test_data_handling\test_data_manipulation.py .                                                                                                              [  0%]
tests\test_integration\test_data_handling\test_data_queries.py ............                                                                                                        [ 10%]
tests\test_integration\test_only_local_working_methods\test_content_based_local.py ..F...........                                                                                  [ 22%]
tests\test_integration\test_only_local_working_methods\test_data_queries.py ...Column types of df:
id                                                          int64
user_id                                                     int64
title                                                      object
slug                                                       object
excerpt                                                    object
body                                                       object
original_link                                              object
image                                                      object
created_at                                         datetime64[ns]
updated_at                                         datetime64[ns]
published_at                                       datetime64[ns]
category_id                                                 int64
views                                                       int64
deleted_at                                                 object
keywords                                                   object
recommended                                                object
meta_id                                                    object
titlePreprocessed                                          object
excerptPreprocessed                                        object
all_features_preprocessed                                  object
full_text                                                  object
body_preprocessed                                          object
recommended_word2vec                                       object
recommended_word2vec_full_text                             object
recommended_tfidf                                          object
recommended_tfidf_full_text                                object
recommended_doc2vec                                        object
recommended_doc2vec_full_text                              object
recommended_lda                                            object
recommended_lda_full_text                                  object
doc2vec_representation                                     object
trigrams_short_text                                        object
trigrams_full_text                                         object
recommended_word2vec_eval_1                                object
recommended_word2vec_eval_2                                object
recommended_word2vec_eval_3                                object
recommended_word2vec_eval_4                                object
recommended_word2vec_limited_fasttext                      object
recommended_word2vec_limited_fasttest_full_text            object
recommended_word2vec_eval_cswiki_1                         object
recommended_doc2vec_eval_cswiki_1                          object
bert_vector_representation                                 object
recommended_test_prefilled_all                             object
dtype: object
.str_path:
tests/db_cache/cached_posts_dataframe.pkl
df:
        id  user_id  ...                  recommended_doc2vec_eval_cswiki_1 recommended_test_prefilled_all
0     1503       22  ...                                               None         [{test: testing-json}]
1     1612       22  ...                                               None         [{test: testing-json}]
2     1618       22  ...                                               None         [{test: testing-json}]
3     1632       22  ...                                               None          "[{test: test-json}]"
4     1652       22  ...                                               None         [{test: testing-json}]
5     1662       22  ...                                               None          "[{test: test-json}]"
6     1682       22  ...                                               None         [{test: testing-json}]
7     1792       22  ...                                               None         [{test: testing-json}]
8     1917       22  ...                                               None         [{test: testing-json}]
9     2182       22  ...                                               None         [{test: testing-json}]
10    2372       22  ...                                               None          "[{test: test-json}]"
11    2382       22  ...                                               None         [{test: testing-json}]
12    2722       22  ...                                               None         [{test: testing-json}]
13    2732       22  ...                                               None         [{test: testing-json}]
14    2752       22  ...                                               None         [{test: testing-json}]
15    3076       22  ...                                               None          "[{test: test-json}]"
16    3087       22  ...                                               None         [{test: testing-json}]
17    3090       22  ...                                               None         [{test: testing-json}]
18  729421       22  ...                                               None         [{test: testing-json}]
19  734677       22  ...  [{"searched_slug": "jak-schovat-par-kilogramu-...         [{test: testing-json}]
20  734678       22  ...  [{"searched_slug": "kviz-vyznate-se-v-reci-int...          "[{test: test-json}]"
21  734917       22  ...  [{"searched_slug": "randeni-pod-rouskou-jak-se...         [{test: testing-json}]

[22 rows x 42 columns]
......                                                                                             [ 30%]
tests\test_integration\test_only_local_working_methods\test_hybrid.py F                                                                                                            [ 31%]
tests\test_integration\test_only_local_working_methods\test_prefiller.py .                                                                                                         [ 32%]
tests\test_integration\test_only_local_working_methods\test_user_relevance_classifier.py F                                                                                         [ 33%]
tests\test_integration\test_prefillers\test_prefiller.py .                                                                                                                         [ 33%]
tests\test_integration\test_prefillers\test_prefillers_methods.py .F..                                                                                                             [ 37%]
tests\test_integration\test_prefillers\test_prefilling_all.py .                                                                                                                    [ 38%]
tests\test_integration\test_preprocessing\test_needed_columns.py ....                                                                                                              [ 41%]
tests\test_integration\test_preprocessing\test_preprocessing_methods.py .                                                                                                          [ 42%]
tests\test_integration\test_recommender_methods\test_collaboration_methods.py .                                                                                                    [ 42%]
tests\test_integration\test_recommender_methods\test_content_based_methods.py ................F.............                                                                       [ 67%]
tests\test_integration\test_recommender_methods\test_hybrid_methods.py ...FF.....                                                                                                  [ 76%]
tests\test_integration\test_recommender_methods\test_user_preferences_methods.py ......                                                                                            [ 80%]
tests\test_unit\test_preprocessing\test_preprocessing_methods.py .                                                                                                                 [ 81%]
tests\test_unit\test_recommender_methods\test_hybrid_methods.py .F........                                                                                                         [ 90%]
tests\test_unit\test_recommender_methods\test_user_preferences_methods.py .......                                                                                                  [ 95%]
tests\test_unit\test_recommender_methods\test_user_relevance_classifier.py .....                                                                                                   [100%]

======================================================================================= FAILURES ========================================================================================
_______________________________________________________________________________ test_lda_full_text_method _______________________________________________________________________________

self = <src.recommender_core.recommender_algorithms.content_based_algorithms.lda.LdaClass object at 0x000001A49FE282E0>
data =     post_id  user_id  ...                                tokenized_full_text                tokenized_all_features_pre... axios, fotografie, zevnitř, nouzový, uby...  [snímka, uká
zat, podmínka, usa, fotografie, po...

[22 rows x 52 columns]
display_dominant_topics = True

    def load_lda_full_text(self, data, display_dominant_topics):

        try:
            lda_model = LdaModel.load("models/lda_model_full_text")
>           dictionary = gensim.corpora.Dictionary.load('precalc_vectors/lda/lda/dictionary_full_text.gensim')

src\recommender_core\recommender_algorithms\content_based_algorithms\ldaclass.py:655:
_ _ _ _ _ _ _ _ _ _ _ _ _ _ _ _ _ _ _ _ _ _ _ _ _ _ _ _ _ _ _ _ _ _ _ _ _ _ _ _ _ _ _ _ _ _ _ _ _ _ _ _ _ _ _ _ _ _ _ _ _ _ _ _ _ _ _ _ _ _ _ _ _ _ _ _ _ _ _ _ _ _ _ _ _ _ _ _ _ _ _ _ _

cls = <class 'gensim.corpora.dictionary.Dictionary'>, fname = 'precalc_vectors/lda/lda/dictionary_full_text.gensim', mmap = None

    @classmethod
    def load(cls, fname, mmap=None):
        """Load an object previously saved using :meth:`~gensim.utils.SaveLoad.save` from a file.

        Parameters
        ----------
        fname : str
            Path to file that contains needed object.
        mmap : str, optional
            Memory-map option.  If the object was saved with large arrays stored separately, you can load these arrays
            via mmap (shared memory) using `mmap='r'.
            If the file being loaded is compressed (either '.gz' or '.bz2'), then `mmap=None` **must be** set.

        See Also
        --------
        :meth:`~gensim.utils.SaveLoad.save`
            Save object to file.

        Returns
        -------
        object
            Object loaded from `fname`.

        Raises
        ------
        AttributeError
            When called on an object instance instead of class (this is a class method).

        """
        logger.info("loading %s object from %s", cls.__name__, fname)

        compress, subname = SaveLoad._adapt_by_suffix(fname)

>       obj = unpickle(fname)

venv\lib\site-packages\gensim\utils.py:485:
_ _ _ _ _ _ _ _ _ _ _ _ _ _ _ _ _ _ _ _ _ _ _ _ _ _ _ _ _ _ _ _ _ _ _ _ _ _ _ _ _ _ _ _ _ _ _ _ _ _ _ _ _ _ _ _ _ _ _ _ _ _ _ _ _ _ _ _ _ _ _ _ _ _ _ _ _ _ _ _ _ _ _ _ _ _ _ _ _ _ _ _ _

fname = 'precalc_vectors/lda/lda/dictionary_full_text.gensim'

    def unpickle(fname):
        """Load object from `fname`, using smart_open so that `fname` can be on S3, HDFS, compressed etc.

        Parameters
        ----------
        fname : str
            Path to pickle file.

        Returns
        -------
        object
            Python object loaded from `fname`.

        """
>       with open(fname, 'rb') as f:

venv\lib\site-packages\gensim\utils.py:1459:
_ _ _ _ _ _ _ _ _ _ _ _ _ _ _ _ _ _ _ _ _ _ _ _ _ _ _ _ _ _ _ _ _ _ _ _ _ _ _ _ _ _ _ _ _ _ _ _ _ _ _ _ _ _ _ _ _ _ _ _ _ _ _ _ _ _ _ _ _ _ _ _ _ _ _ _ _ _ _ _ _ _ _ _ _ _ _ _ _ _ _ _ _

uri = 'precalc_vectors/lda/lda/dictionary_full_text.gensim', mode = 'rb', buffering = -1, encoding = None, errors = None, newline = None, closefd = True, opener = None
ignore_ext = False, compression = 'infer_from_extension', transport_params = {}

    def open(
            uri,
            mode='r',
            buffering=-1,
            encoding=None,
            errors=None,
            newline=None,
            closefd=True,
            opener=None,
            ignore_ext=False,
            compression=None,
            transport_params=None,
            ):
        r"""Open the URI object, returning a file-like object.

        The URI is usually a string in a variety of formats.
        For a full list of examples, see the :func:`parse_uri` function.

        The URI may also be one of:

        - an instance of the pathlib.Path class
        - a stream (anything that implements io.IOBase-like functionality)

        Parameters
        ----------
        uri: str or object
            The object to open.
        mode: str, optional
            Mimicks built-in open parameter of the same name.
        buffering: int, optional
            Mimicks built-in open parameter of the same name.
        encoding: str, optional
            Mimicks built-in open parameter of the same name.
        errors: str, optional
            Mimicks built-in open parameter of the same name.
        newline: str, optional
            Mimicks built-in open parameter of the same name.
        closefd: boolean, optional
            Mimicks built-in open parameter of the same name.  Ignored.
        opener: object, optional
            Mimicks built-in open parameter of the same name.  Ignored.
        ignore_ext: boolean, optional
            Disable transparent compression/decompression based on the file extension.
        compression: str, optional (see smart_open.compression.get_supported_compression_types)
            Explicitly specify the compression/decompression behavior.
            If you specify this parameter, then ignore_ext must not be specified.
        transport_params: dict, optional
            Additional parameters for the transport layer (see notes below).

        Returns
        -------
        A file-like object.

        Notes
        -----
        smart_open has several implementations for its transport layer (e.g. S3, HTTP).
        Each transport layer has a different set of keyword arguments for overriding
        default behavior.  If you specify a keyword argument that is *not* supported
        by the transport layer being used, smart_open will ignore that argument and
        log a warning message.

        smart_open/doctools.py magic goes here

        See Also
        --------
        - `Standard library reference <https://docs.python.org/3.7/library/functions.html#open>`__
        - `smart_open README.rst
          <https://github.com/RaRe-Technologies/smart_open/blob/master/README.rst>`__

        """
        logger.debug('%r', locals())

        if not isinstance(mode, str):
            raise TypeError('mode should be a string')

        if compression and ignore_ext:
            raise ValueError('ignore_ext and compression parameters are mutually exclusive')
        elif compression and compression not in so_compression.get_supported_compression_types():
            raise ValueError(f'invalid compression type: {compression}')
        elif ignore_ext:
            compression = so_compression.NO_COMPRESSION
            warnings.warn("'ignore_ext' will be deprecated in a future release", PendingDeprecationWarning)
        elif compression is None:
            compression = so_compression.INFER_FROM_EXTENSION

        if transport_params is None:
            transport_params = {}

>       fobj = _shortcut_open(
            uri,
            mode,
            compression=compression,
            buffering=buffering,
            encoding=encoding,
            errors=errors,
            newline=newline,
        )

venv\lib\site-packages\smart_open\smart_open_lib.py:188:
_ _ _ _ _ _ _ _ _ _ _ _ _ _ _ _ _ _ _ _ _ _ _ _ _ _ _ _ _ _ _ _ _ _ _ _ _ _ _ _ _ _ _ _ _ _ _ _ _ _ _ _ _ _ _ _ _ _ _ _ _ _ _ _ _ _ _ _ _ _ _ _ _ _ _ _ _ _ _ _ _ _ _ _ _ _ _ _ _ _ _ _ _

uri = 'precalc_vectors/lda/lda/dictionary_full_text.gensim', mode = 'rb', compression = 'infer_from_extension', buffering = -1, encoding = None, errors = None, newline = None

    def _shortcut_open(
            uri,
            mode,
            compression,
            buffering=-1,
            encoding=None,
            errors=None,
            newline=None,
            ):
        """Try to open the URI using the standard library io.open function.

        This can be much faster than the alternative of opening in binary mode and
        then decoding.

        This is only possible under the following conditions:

            1. Opening a local file; and
            2. Compression is disabled

        If it is not possible to use the built-in open for the specified URI, returns None.

        :param str uri: A string indicating what to open.
        :param str mode: The mode to pass to the open function.
        :param str compression: The compression type selected.
        :returns: The opened file
        :rtype: file
        """
        if not isinstance(uri, str):
            return None

        scheme = _sniff_scheme(uri)
        if scheme not in (transport.NO_SCHEME, so_file.SCHEME):
            return None

        local_path = so_file.extract_local_path(uri)
        if compression == so_compression.INFER_FROM_EXTENSION:
            _, extension = P.splitext(local_path)
            if extension in so_compression.get_supported_extensions():
                return None
        elif compression != so_compression.NO_COMPRESSION:
            return None

        open_kwargs = {}
        if encoding is not None:
            open_kwargs['encoding'] = encoding
            mode = mode.replace('b', '')
        if newline is not None:
            open_kwargs['newline'] = newline

        #
        # binary mode of the builtin/stdlib open function doesn't take an errors argument
        #
        if errors and 'b' not in mode:
            open_kwargs['errors'] = errors

>       return _builtin_open(local_path, mode, buffering=buffering, **open_kwargs)
E       FileNotFoundError: [Errno 2] No such file or directory: 'precalc_vectors/lda/lda/dictionary_full_text.gensim'

venv\lib\site-packages\smart_open\smart_open_lib.py:361: FileNotFoundError

During handling of the above exception, another exception occurred:

    @pytest.mark.integtest
    def test_lda_full_text_method():
        lda = LdaClass()
        # random_order article
        database = DatabaseMethods()
        posts = database.get_posts_dataframe()
        random_post = posts.sample()
        random_post_slug = random_post['slug'].iloc[0]
>       similar_posts = lda.get_similar_lda_full_text(searched_slug=random_post_slug)

tests\test_integration\test_only_local_working_methods\test_content_based_local.py:72:
_ _ _ _ _ _ _ _ _ _ _ _ _ _ _ _ _ _ _ _ _ _ _ _ _ _ _ _ _ _ _ _ _ _ _ _ _ _ _ _ _ _ _ _ _ _ _ _ _ _ _ _ _ _ _ _ _ _ _ _ _ _ _ _ _ _ _ _ _ _ _ _ _ _ _ _ _ _ _ _ _ _ _ _ _ _ _ _ _ _ _ _ _
src\recommender_core\recommender_algorithms\content_based_algorithms\ldaclass.py:595: in get_similar_lda_full_text
    dictionary, corpus, lda = self.load_lda_full_text(recommender_methods.df,
src\recommender_core\recommender_algorithms\content_based_algorithms\ldaclass.py:660: in load_lda_full_text
    self.train_lda_full_text(data, display_dominant_topics)
src\recommender_core\recommender_algorithms\content_based_algorithms\ldaclass.py:744: in train_lda_full_text
    np.save('precalc_vectors/lda/lda/lda_doc_topic_dist_full_text.npy',
<__array_function__ internals>:180: in save
    ???
_ _ _ _ _ _ _ _ _ _ _ _ _ _ _ _ _ _ _ _ _ _ _ _ _ _ _ _ _ _ _ _ _ _ _ _ _ _ _ _ _ _ _ _ _ _ _ _ _ _ _ _ _ _ _ _ _ _ _ _ _ _ _ _ _ _ _ _ _ _ _ _ _ _ _ _ _ _ _ _ _ _ _ _ _ _ _ _ _ _ _ _ _

file = 'precalc_vectors/lda/lda/lda_doc_topic_dist_full_text.npy'
arr = array([[4.25702427e-04, 5.66160772e-04, 5.43306174e-04, 5.51295059e-04,
        8.59714986e-04, 6.89782435e-04, 5.5763...069e-04, 3.52259580e-04,
        2.44818832e-04, 2.43348535e-04, 4.26622981e-04, 1.83743774e-04]],
      dtype=float32)
allow_pickle = True, fix_imports = True

    @array_function_dispatch(_save_dispatcher)
    def save(file, arr, allow_pickle=True, fix_imports=True):
        """
        Save an array to a binary file in NumPy ``.npy`` format.

        Parameters
        ----------
        file : file, str, or pathlib.Path
            File or filename to which the data is saved.  If file is a file-object,
            then the filename is unchanged.  If file is a string or Path, a ``.npy``
            extension will be appended to the filename if it does not already
            have one.
        arr : array_like
            Array data to be saved.
        allow_pickle : bool, optional
            Allow saving object arrays using Python pickles. Reasons for disallowing
            pickles include security (loading pickled data can execute arbitrary
            code) and portability (pickled objects may not be loadable on different
            Python installations, for example if the stored objects require libraries
            that are not available, and not all pickled data is compatible between
            Python 2 and Python 3).
            Default: True
        fix_imports : bool, optional
            Only useful in forcing objects in object arrays on Python 3 to be
            pickled in a Python 2 compatible way. If `fix_imports` is True, pickle
            will try to map the new Python 3 names to the old module names used in
            Python 2, so that the pickle data stream is readable with Python 2.

        See Also
        --------
        savez : Save several arrays into a ``.npz`` archive
        savetxt, load

        Notes
        -----
        For a description of the ``.npy`` format, see :py:mod:`numpy.lib.format`.

        Any data saved to the file is appended to the end of the file.

        Examples
        --------
        >>> from tempfile import TemporaryFile
        >>> outfile = TemporaryFile()

        >>> x = np.arange(10)
        >>> np.save(outfile, x)

        >>> _ = outfile.seek(0) # Only needed here to simulate closing & reopening file
        >>> np.load(outfile)
        array([0, 1, 2, 3, 4, 5, 6, 7, 8, 9])


        >>> with open('test.npy', 'wb') as f:
        ...     np.save(f, np.array([1, 2]))
        ...     np.save(f, np.array([1, 3]))
        >>> with open('test.npy', 'rb') as f:
        ...     a = np.load(f)
        ...     b = np.load(f)
        >>> print(a, b)
        # [1 2] [1 3]
        """
        if hasattr(file, 'write'):
            file_ctx = contextlib.nullcontext(file)
        else:
            file = os_fspath(file)
            if not file.endswith('.npy'):
                file = file + '.npy'
>           file_ctx = open(file, "wb")
E           FileNotFoundError: [Errno 2] No such file or directory: 'precalc_vectors/lda/lda/lda_doc_topic_dist_full_text.npy'

venv\lib\site-packages\numpy\lib\npyio.py:515: FileNotFoundError
--------------------------------------------------------------------------------- Captured stdout call ----------------------------------------------------------------------------------
Could not load_texts LDA models or precalculated vectors. Reason:
[Errno 2] No such file or directory: 'precalc_vectors/lda/lda/dictionary_full_text.gensim'
['odpykávat šestiletý trest', 'vězení', 'zakázka středočeský kraj', 'zakázka středočeský', 'brnět', 'kott rathův', 'manipulace', 'vězení', 'petra', 'kotta', 'vězení', 'odpykávat', 'šesti
letý', 'trest', 'zakázka', 'středočeský', 'zakázka', 'středočeský', 'kraj', 'kott', 'rathův', 'petr', 'kott', 'rathův', 'spolupachatel', 'petr', 'kott', 'rathův', 'spolupachatel', 'z', '
korupční', 'kauza', 'opustit', 'vězení', 'krajský', 'soud', 'v', 'brnět', 'podle', 'server', 'český', 'justice', 'podmínečně', 'propustit', 'z', 'vězení', 'petra', 'kotta', 'bývalý', 'po
slanec', 'se', 'odpykávat', 'šestiletý', 'trest', 'za', 'manipulace', 'se', 'zakázka', 'středočeský', 'kraj', 'už', 'červen', 'se', 'dostat', 'na', 'svoboda', 'jeho', 'manželka', 'bývalý
', 'ředitelka', 'kladenský', 'nemocnice', 'kateřina', 'kottová', 'který', 'soud', 'také', 'uložit', 'šest', 'let', 'vězení', 'v', 'věznice', 'před', 'ten', 'v', 'vazební', 'věznice', 'st
rávit', 'manžel', 'tři', 'rok', 'tedy', 'polovina', 'trest', 'korupce', 'pře', 'zadávání', 'tendr', 'být', 'spolu', 'on', 'shledat', 'vinný', 'bývalý', 'středočeský', 'hejtman', 'david',
 'rath', 'který', 'být', 'odsouzen', 'na', 'sedm', 'let', 'polovina', 'trest', 'který', 'být', 'jednou', 'z', 'zákonný', 'podmínka', 'podmíněný', 'propuštění', 'tedy', 'na', 'rozdíl', 'o
d', 'kottových', 'za', 'se', 'ještě', 'nemít', 'kott', 'se', 'podle', 'médium', 'trest', 'odpykávat', 'v', 'věznice', 'brněnský', 'bohunicích', 'kde', 'být', 'rath', 'kottová', 'být', 'p
ražský', 'ruzyni', 'kott', 'již', 'propuštění', 'tento', 'rok', 'jednou', 'žádat', 'ale', 'neuspět', 'podat', 'proto', 'stížnost', 'který', 'soud', 'vyhovět', 'v', 'vězení', 'pracovat',
'jako', 'lékař', 'mít', 'dobré', 'kázeňský', 'hodnocení', 'uvést', 'český', 'justice', 'kottovy', 'poslat', 'soud', 'červen', 'do', 'vězení', 'za', 'ovlivňování', 'tendr', 'na', 'rekonst
rukce', 'zámek', 'buštěhrad', 'na', 'kladensku', 'budova', 'gymnázium', 'hostivici', 'žádat', 'úplatek', 'milion', 'přijmout', 'téměř', 'milion', 'koruna', 'sedm', 'milion', 'dát', 'rath
ovi', 'soud', 'on', 'uložit', 'také', 'zaplatit', 'milion', 'koruna', 'což', 'učinit', 'rath', 'dostat', 'sedmiletý', 'trest', 'vězení', 'za', 'korupce', 'pře', 'zadávání', 'tendr', 'na'
, 'oprava', 'buštěhradu', 'část', 'desetimilionový', 'peněžitý', 'trest', 'dosud', 'neuhradit', 'být', 'on', 'veden', 'exekuční', 'řízení', 'david', 'rath', 'se', 'zdraví', 'petrem', 'ko
ttem', 'kateřina', 'pancová', 'přihlížet', 'úterý', 'leden', 'pak', 'soud', 'zaznět', 'odposlech', 'z', 'den', 'kdy', 'být', 'rath', 'zatknout', 'se', 'milion', 'krabice', 'na', 'víno',
'trojice', 'čekat', 'ještě', 'na', 'odvolací', 'řízení', 'druhý', 'větvit', 'korupční', 'kauza', 'prvoinstanční', 'soud', 'manžel', 'kottovým', 'rathovi', 'jejich', 'trest', 'prodloužit'
, 'na', 'osm', 'let', 'vězení', 'trojice', 'se', 'na', 'přelom', 'let', 'údajně', 'domlouvat', 'úplatek', 'za', 'zmanipulování', 'tendr', 'za', 'stovka', 'milion', 'koruna', 'na', 'nákup
', 'sanitka', 'pro', 'středočeský', 'záchranný', 'služba', 'rekonstrukce', 'pavilon', 'kolínská', 'nemocnice', 'stavba', 'pavilon', 'mladoboleslavský', 'nemocnice', 'přestavba', 'část',
'kladenský', 'nemocnice', 'obžalovaný', 'chtít', 'podle', 'vyšetřovatel', 'přes', 'milion', 'koruna', 'obdržet', 'milion', 'protože', 'být', 'květen', 'zadržet', 'policie', 'případ', 'fi
gurovat', 'několik', 'firma', 'významný', 'on', 'být', 'metrostav']
Saving train_corpus and dictionary...
LDA training...
Time to force_train LDA doc2vec_model on  22 articles:  0.012586780389149984 min
Model Saved
Dominant topics:




                                                                                                                                                                  tokenized
0                                                                         [odpykávat šestiletý trest, vězení, zakázka středočeský kraj, zakázka středočeský, brnět, kott rathův, manipulac
e, vězení, petra, kotta, vězení, odpykávat, šestiletý, trest, zakázka, středočeský, zakázka, středočeský, kraj, kott, rathův, petr, kott, rathův, spolupachatel, petr, kott, rathův, spolu
pachatel, z, korupční, kauza, opustit, vězení, krajský, soud, v, brnět, podle, server, český, justice, podmínečně, propustit, z, vězení, petra, kotta, bývalý, poslanec, se, odpykávat, še
stiletý, trest, za, manipulace, se, zakázka, středočeský, kraj, už, červen, se, dostat, na, svoboda, jeho, manželka, bývalý, ředitelka, kladenský, nemocnice, kateřina, kottová, který, so
ud, také, uložit, šest, let, vězení, v, věznice, před, ten, v, vazební, věznice, strávit, manžel, tři, rok, tedy, polovina, trest, korupce, pře, zadávání, tendr, být, ...]
1                                                                                                                                                                     [třást kolik procent
, film procent, jméno proniknout, mirka spáčilová, málokdo vědět, text, písňový text, čestný výjimka, sto, let, procent, kolik, procent, mirka, spáčilová, jméno, proniknout, hodnotit, má
lokdo, vědět, let, písňový, text, až, já, být, sto, let, dáma, film, procent, slibovat, mirka, spáčilová, filmař, se, třást, kolik, procent, od, on, dostat, za, film, její, jméno, pronik
nout, i, do, vtip, a, málokdo, vědět, že, skládat, také, písňový, text, i, když, novinář, obvykle, nedělat, rozhovor, s, kolega, v, redakce, mirka, spáčilová, moct, být, čestný, výjimka,
 i, proto, že, ten, poskytnout, pohled, do, svůj, kuchyně, jak, uvažovat, když, hodnotit, film, mnít, na, tvůj, práce, přijít, těžký, že, muset, chodit, na, film, na, ...]
2                                                                                                                                                                  [minulý střed vyplývat,
 benzin koruna, web společnost ccs, cena, cena sledovat, minulý, haléř hodně, haléř, haléř, web, společnost, ccs, litr, minulý, střed, cena, cena, sledovat, haléř, haléř, hodně, benzin,
haléř, koruna, benzin, už, být, nad, koruna, za, litr, nafta, stát, koruna, cena, pohonný, hmota, v, česku, od, minulý, týden, opět, výrazně, vzrůst, prodávaný, benzin, natural, zdražit,
 o, haléř, a, prodávat, se, v, průměr, za, koruna, za, litr, za, nafta, řidič, zaplatit, průměrně, koruna, za, litr, což, být, o, haléř, hodně, než, minulý, střed, vyplývat, to, z, infor
mace, na, web, společnost, ccs, který, cena, sledovat, analytik, společnost, finlord, boris, tomčiak, uvést, že, prudký, zdražování, pohonný, hmota, nekončit, blízký, ...]
3                                                                  [letošní duben ukazovat, bitcoin, bitcoin prodávat zhruba, dolar výrazně, střed vystoupit, duben, překonat maximum, při
pisovat, poslední hodina, specializovaný, portál, coindesk, bitcoin, bitcoin, prodávat, zhruba, dolar, výrazně, výrazně, překročit, rekord, duben, střed, vystoupit, připisovat, milion, k
č, bitcoin, zdolat, hranice, dolar, výrazně, překročit, rekord, z, duben, cena, známý, kryptoměny, bitcoin, v, střed, vystoupit, na, rekordní, dolar, milion, kč, a, výrazně, tak, překona
t, maximum, z, letošní, duben, ukazovat, to, záznam, na, specializovaný, portál, coindesk, krátce, před, selč, se, bitcoin, prodávat, zhruba, za, dolar, za, poslední, hodina, se, tak, př
ipisovat, přes, procent, krátce, před, selč, se, bitcoin, prodávat, zhruba, za, dolar, za, poslední, hodina, se, tak, připisovat, procent, známý, kryptoměně, se, tak, ...]
4                                            [freudovo pozdní odpoledne, zábradlí, premiéra pražský divadlo, opereta, zábradlí teskný, role václav, zábradlí, pozdní, dočkat, freudovo, po
zdní, odpoledne, zábradlí, režie, davida, jařaba, titulní, role, václav, vídeňský, opereta, pozdní, operetní, výstup, zábradlí, teskný, freudovo, pozdní, odpoledne, na, zábradlí, teskný,
 po, zapomenutý, opereta, sigmund, freud, a, vídeňský, opereta, zajímavý, kombinace, nabízet, nový, premiéra, pražský, divadlo, na, zábradlí, v, režie, davida, jařaba, divák, se, dočkat,
 i, operetní, výstup, slibovat, představitel, titulní, role, václav, vašák, jak, být, jařabovy, tvorba, obvyklý, kmenový, režisér, scéna, být, autor, předloha, novinka, název, freudovo,
pozdní, odpoledne, prý, divák, nabídnout, pohled, do, vrcholný, čas, psychologovy, práce, kdy, formulovat, svůj, myšlenka, ohledně, vliv, trauma, dětství, na, pozdní, ...]
5  [jakýkoli jiný národ, sugestivní, jmenuje „velikonoční krimi, norů velikonočními detektivkami, zemi, reklamní, tradice, posedlost, norů, velikonoční, detektivka, odstartovat, sugestiv
ní, inzerát, norové, během, velikonoce, číst, hodně, detektivní, román, než, jakýkoli, jiný, národ, na, zem, tata, tradice, se, jmenovat, velikonoční, krimi, a, na, její, počátek, stát,
sugestivní, reklamní, kampaň, jakýkoli, jiný, národ,, sugestivní,, jmenuje, „velikonoční, krimi,, norů, velikonočními, detektivkami,, zemi,, reklamní,, tradice, většina, člověk, se, veli
konoce, spojovat, příchod, jaro, narcis, nadšený, dítě, který, se, těšit, na, velikonoční, zajíček, koledování, dna, být, dlouhý, sluneční, luční, kvítí, kolem, my, rozkvétat, pro, nora,
 být, důležitý, součást, velikonoční, svátek, paaskekrim, velikonoční, krimi, tento, tradice, odstartovat, úspěšný, když, zavádějící, reklamní, kampaň, jeden, veliký, ...]
6                                                                                             [zákonný pravidlo riziko, závěť, zemřelý nemít dítě, partner, neexistovat závěť pozůstalost,
 praxe nastat kuriózní, partner žít, společný domácnost, zemřelý, nemít, dítě, nastat, kuriózní, neexistovat, závěť, závěť, dům, zdědit, zákonný, pravidlo, partner, totiž, partner, žít,
zemřít, bez, závěť, a, jeho, dům, zdědit, dva, žena, manželka, i, milenka, pokud, neexistovat, závěť, pozůstalost, se, rozdělit, podle, zákonný, pravidlo, riziko, tak, hrozit, zejména, n
esezdaný, pár, partner, totiž, být, dědit, pouze, v, případ, že, zemřelý, nemít, dítě, a, partner, žít, v, společný, domácnost, po, doba, málo, jeden, rok, jenže, jak, ukazovat, praxe, m
oct, nastat, i, kuriózní, situace, pan, albert, být, úspěšný, podnikatel, šťastně, ženatý, muž, ale, ani, štěstí, zejména, to, manželský, netrvat, věčně, pan, albert, ...]
7
[stejně vkusně oblečen, římě, ohlížet kdekdo muž, darina šťastný, úplně stejný outfit, šít takový, malá dcerka dva, milion stát, mít, obrat, římě, milion, stát, dva, ohlížet, kdekdo, dar
ina, šťastný, malá, dcerka, šít, pobyt, pobyt, v, římě, jíst, obrátit, život, naruby, jen, letos, už, mít, obrat, v, milion, stát, se, to, na, dovolená, v, římě, darina, šťastný, tam, po
tkat, dva, dáma, dva, být, stejně, vkusně, oblečen, za, dva, se, ohlížet, kdekdo, muž, i, žena, být, to, maminka, s, malá, dcerka, dva, mít, úplně, stejný, outfit, a, tehdy, už, darina,
šťastný, podvědomě, vědět, že, chtít, šít, právě, takový, oblečení, kdy, být, váš, značka, založit, co, všechen, tedy, znamenat, paradoxně, na, svůj, první, mateřský, ...]
8                                                 [pojištění aktualizovat pořídit, dům pojistka, nemovitost sjednat pojištění, pojištění, čas totiž narůstat, rok pře, případ živelný pohr
oma, nejspíš zplakali, čas, totiž, narůstat, pojištění, případ, živelný, pohroma, rok, pojištění, aktualizovat, pořídit, umět, rozmetat, sjednat, pojištění, ideálně, pojistka, nezabývat,
 tornádo, umět, rozmetat, dům, i, pojistka, proč, být, potřeba, se, pojištění, aktualizovat, pořídit, se, nemovitost, sjednat, pojištění, a, pak, už, se, pojistka, nezabývat, chyba, hodn
ota, dům, i, domácnost, v, čas, totiž, narůstat, v, případ, živelný, pohroma, nebo, havárie, by, nejspíš, zplakali, nad, výdělek, namístě, být, proto, aktualizace, smlouva, ideálně, jedn
ou, za, dva, až, tři, rok, nebo, vždy, pře, jeho, modernizace, červnový, řádění, tornádo, několik, obec, na, jih, moravy, napáchat, miliardový, škoda, zem, kvůli, on, ...]
9                                                                                                                           [češi vyrábějí nože, nože, james bond tušil, agenta, nůž preda
tor přivlastnil, firmy mikov severočeských, historie začala, těžko říct, česat, vyrábět, nůž, pro, kluk, i, agent, historie, začít, už, v, rok, jeho, role, být, v, film, casino, royale,
hodně, než, epizodní, ani, tak, se, nejít, vyhazovacího, nůž, zlosyn, dimitriose, nevšimnout, vždyť, mít, nenápadně, sprovodit, z, svět, agent, její, veličenstvo, těžko, říct, zda, james
, bond, tušit, když, se, nůž, predator, přivlastnit, že, být, ten, krásný, kousek, nožířského, umění, z, česka, a, to, z, firma, mikov, v, severočeský, mikulášovicích, češi, vyrábějí, no
že,, nože,, james, bond, tušil,, agenta,, nůž, predator, přivlastnil,, firmy, mikov, severočeských,, historie, začala,, těžko, říct, jeho, role, být, v, film, casino, ...]
After join
   Document_No  Dominant_Topic  Topic_Perc_Contrib                                                                  Keywords
0            0             8.0              0.9887           let, pak, několik, případ, jak, ještě, čas, dostat, také, proto
1            1             8.0              0.9884           let, pak, několik, případ, jak, ještě, čas, dostat, také, proto
2            2             5.0              0.9891       cena, hodně, vy, stát, společnost, než, často, ještě, několik, před
3            3            15.0              0.9908  tak, svůj, společnost, poslední, člověk, všechen, po, podle, před, první
4            4            16.0              0.9879                         po, ale, jeho, svůj, kdy, nový, pro, ani, by, čas
5            5             4.0              0.9924            pro, dítě, tento, podle, nový, stát, jeden, první, člověk, ale
6            6            11.0              0.9952                    tak, svůj, jeho, podle, ani, po, dítě, ale, případ, by
7            7             1.0              0.8743                    já, dva, všechen, my, svůj, moct, chtít, aby, ale, pro
8            8             8.0              0.9897           let, pak, několik, případ, jak, ještě, čas, dostat, také, proto
9            9             6.0              0.9783                   říct, tak, když, než, hodně, svět, její, ani, jeho, pro
Results saved to csv
np.save
----------------------------------------------------------------------------------- Captured log call -----------------------------------------------------------------------------------
DEBUG    root:data_manipulation.py:236 Reading cache file...
DEBUG    root:data_queries.py:192 Trying reading from cache as default...
DEBUG    root:data_queries.py:195 Reading from cache...
DEBUG    root:data_manipulation.py:236 Reading cache file...
DEBUG    root:data_queries.py:192 Trying reading from cache as default...
DEBUG    root:data_queries.py:195 Reading from cache...
DEBUG    root:data_manipulation.py:236 Reading cache file...
DEBUG    root:data_queries.py:367 posts_df
DEBUG    root:data_queries.py:368         id  ...  recommended_test_prefilled_all
0     1503  ...          [{test: testing-json}]
1     1612  ...          [{test: testing-json}]
2     1618  ...          [{test: testing-json}]
3     1632  ...           "[{test: test-json}]"
4     1652  ...          [{test: testing-json}]
5     1662  ...          [{test: testing-json}]
6     1682  ...          [{test: testing-json}]
7     1792  ...          [{test: testing-json}]
8     1917  ...          [{test: testing-json}]
9     2182  ...          [{test: testing-json}]
10    2372  ...           "[{test: test-json}]"
11    2382  ...          [{test: testing-json}]
12    2722  ...          [{test: testing-json}]
13    2732  ...          [{test: testing-json}]
14    2752  ...          [{test: testing-json}]
15    3076  ...           "[{test: test-json}]"
16    3087  ...          [{test: testing-json}]
17    3090  ...          [{test: testing-json}]
18  729421  ...          [{test: testing-json}]
19  734677  ...          [{test: testing-json}]
20  734678  ...           "[{test: test-json}]"
21  734917  ...          [{test: testing-json}]

[22 rows x 42 columns]
DEBUG    root:data_queries.py:369 Index(['id', 'user_id', 'post_title', 'slug', 'excerpt', 'body',
       'original_link', 'image', 'created_at', 'updated_at', 'published_at',
       'category_id', 'views', 'deleted_at', 'keywords', 'recommended',
       'meta_id', 'titlePreprocessed', 'excerptPreprocessed',
       'all_features_preprocessed', 'full_text', 'body_preprocessed',
       'recommended_word2vec', 'recommended_word2vec_full_text',
       'recommended_tfidf', 'recommended_tfidf_full_text',
       'recommended_doc2vec', 'recommended_doc2vec_full_text',
       'recommended_lda', 'recommended_lda_full_text',
       'doc2vec_representation', 'trigrams_short_text', 'trigrams_full_text',
       'recommended_word2vec_eval_1', 'recommended_word2vec_eval_2',
       'recommended_word2vec_eval_3', 'recommended_word2vec_eval_4',
       'recommended_word2vec_limited_fasttext',
       'recommended_word2vec_limited_fasttest_full_text',
       'recommended_word2vec_eval_cswiki_1',
       'recommended_doc2vec_eval_cswiki_1', 'recommended_test_prefilled_all'],
      dtype='object')
DEBUG    root:data_queries.py:370 categories_df
DEBUG    root:data_queries.py:371     id category_title  ... created_at updated_at
0    1      Ekonomika  ...       None       None
1    2     Regionální  ...       None       None
2    3      Zahraničí  ...       None       None
3    4         Domácí  ...       None       None
4    5        Kultura  ...       None       None
5    6        Finance  ...       None       None
6    7           Móda  ...       None       None
7    8         Zdraví  ...       None       None
8    9         Vztahy  ...       None       None
9   11      Celebrity  ...       None       None
10  12    Technologie  ...       None       None
11  13           Věda  ...       None       None
12  14      Auto-moto  ...       None       None
13  15            Hry  ...       None       None
14  16        Ostatní  ...       None       None
15  17          Sport  ...       None       None

[16 rows x 6 columns]
DEBUG    root:data_queries.py:372 Index(['id', 'category_title', 'description', 'category_slug', 'created_at',
       'updated_at'],
      dtype='object')
DEBUG    root:ldaclass.py:574 recommender_methods.df
DEBUG    root:ldaclass.py:575     post_id  user_id  ... created_at_y updated_at_y
0      1503       22  ...         None         None
1      1652       22  ...         None         None
2      1612       22  ...         None         None
3      1618       22  ...         None         None
4      1632       22  ...         None         None
5      2722       22  ...         None         None
6      1662       22  ...         None         None
7      1682       22  ...         None         None
8      1917       22  ...         None         None
9      2732       22  ...         None         None
10     1792       22  ...         None         None
11   734677       22  ...         None         None
12   734678       22  ...         None         None
13     2182       22  ...         None         None
14     2372       22  ...         None         None
15     2382       22  ...         None         None
16     2752       22  ...         None         None
17     3076       22  ...         None         None
18     3087       22  ...         None         None
19   734917       22  ...         None         None
20     3090       22  ...         None         None
21   729421       22  ...         None         None

[22 rows x 48 columns]
INFO     gensim.utils:utils.py:481 loading LdaModel object from models/lda_model_full_text
DEBUG    smart_open.smart_open_lib:smart_open_lib.py:170 {'uri': 'models/lda_model_full_text', 'mode': 'rb', 'buffering': -1, 'encoding': None, 'errors': None, 'newline': None, 'closefd'
: True, 'opener': None, 'ignore_ext': False, 'compression': None, 'transport_params': None}
INFO     gensim.utils:utils.py:520 loading expElogbeta from models/lda_model_full_text.expElogbeta.npy with mmap=None
INFO     gensim.utils:utils.py:553 setting ignored attribute state to None
INFO     gensim.utils:utils.py:553 setting ignored attribute dispatcher to None
INFO     gensim.utils:utils.py:553 setting ignored attribute id2word to None
INFO     gensim.utils:utils.py:447 LdaModel lifecycle event {'fname': 'models/lda_model_full_text', 'datetime': '2022-10-23T22:29:51.233633', 'gensim': '4.1.2', 'python': '3.8.10 (tags/v
3.8.10:3d8993a, May  3 2021, 11:48:03) [MSC v.1928 64 bit (AMD64)]', 'platform': 'Windows-10-10.0.19043-SP0', 'event': 'loaded'}
INFO     gensim.utils:utils.py:481 loading LdaState object from models/lda_model_full_text.state
DEBUG    smart_open.smart_open_lib:smart_open_lib.py:170 {'uri': 'models/lda_model_full_text.state', 'mode': 'rb', 'buffering': -1, 'encoding': None, 'errors': None, 'newline': None, 'cl
osefd': True, 'opener': None, 'ignore_ext': False, 'compression': None, 'transport_params': None}
INFO     gensim.utils:utils.py:447 LdaState lifecycle event {'fname': 'models/lda_model_full_text.state', 'datetime': '2022-10-23T22:29:51.250127', 'gensim': '4.1.2', 'python': '3.8.10 (
tags/v3.8.10:3d8993a, May  3 2021, 11:48:03) [MSC v.1928 64 bit (AMD64)]', 'platform': 'Windows-10-10.0.19043-SP0', 'event': 'loaded'}
DEBUG    smart_open.smart_open_lib:smart_open_lib.py:170 {'uri': 'models/lda_model_full_text.id2word', 'mode': 'rb', 'buffering': -1, 'encoding': None, 'errors': None, 'newline': None, '
closefd': True, 'opener': None, 'ignore_ext': False, 'compression': None, 'transport_params': None}
INFO     gensim.utils:utils.py:481 loading Dictionary object from precalc_vectors/lda/lda/dictionary_full_text.gensim
DEBUG    smart_open.smart_open_lib:smart_open_lib.py:170 {'uri': 'precalc_vectors/lda/lda/dictionary_full_text.gensim', 'mode': 'rb', 'buffering': -1, 'encoding': None, 'errors': None, '
newline': None, 'closefd': True, 'opener': None, 'ignore_ext': False, 'compression': None, 'transport_params': None}
DEBUG    root:ldaclass.py:671 0     [odpykávat šestiletý trest, vězení, zakázka st...
1     [třást kolik procent, film procent, jméno pron...
2     [minulý střed vyplývat, benzin koruna, web spo...
3     [letošní duben ukazovat, bitcoin, bitcoin prod...
4     [freudovo pozdní odpoledne, zábradlí, premiéra...
5     [jakýkoli jiný národ, sugestivní, jmenuje „vel...
6     [zákonný pravidlo riziko, závěť, zemřelý nemít...
7     [stejně vkusně oblečen, římě, ohlížet kdekdo m...
8     [pojištění aktualizovat pořídit, dům pojistka,...
9     [češi vyrábějí nože, nože, james bond tušil, a...
10    [parádní desetkrát vystoupat, odermatt, celkov...
11    [hokejový reprezentace pokračovat, hráč, asist...
12    [zraněný jaroslav halák, vladař, covid ideální...
13    [všechen stejná zvíře mydy člověk muset vědět ...
14    [manžel zesnulá legenda chalupa českolipsku mi...
15    [jít všechen dobře grand lze doplout design čl...
16    [spoustou tradičních zvyků, stůl patří, jedno ...
17    [úpadek světa život, snímky, úchvatné snímky p...
18    [ranním valašskem jedeme, mašinfíra ranním val...
19    [součást každodenní život, výhled čtenář nemus...
20    [obří metalurgický závod, mariupol, ovládnutí ...
21    [fotografie poprvé ukazovat, migrant, detenční...
Name: tokenized, dtype: object
DEBUG    root:ldaclass.py:222 data_words:
DEBUG    root:ldaclass.py:223 [['odpykávat šestiletý trest', 'vězení', 'zakázka středočeský kraj', 'zakázka středočeský', 'brnět', 'kott rathův', 'manipulace', 'vězení', 'petra', 'kotta', 'vě
zení', 'odpykávat', 'šestiletý', 'trest', 'zakázka', 'středočeský', 'zakázka', 'středočeský', 'kraj', 'kott', 'rathův', 'petr', 'kott', 'rathův', 'spolupachatel', 'petr', 'kott', 'rathův
', 'spolupachatel', 'z', 'korupční', 'kauza', 'opustit', 'vězení', 'krajský', 'soud', 'v', 'brnět', 'podle', 'server', 'český', 'justice', 'podmínečně', 'propustit', 'z', 'vězení', 'petr
a', 'kotta', 'bývalý', 'poslanec', 'se', 'odpykávat', 'šestiletý', 'trest', 'za', 'manipulace', 'se', 'zakázka', 'středočeský', 'kraj', 'už', 'červen', 'se', 'dostat', 'na', 'svoboda', '
jeho', 'manželka', 'bývalý', 'ředitelka', 'kladenský', 'nemocnice', 'kateřina', 'kottová', 'který', 'soud', 'také', 'uložit', 'šest', 'let', 'vězení', 'v', 'věznice', 'před', 'ten', 'v',
 'vazební', 'věznice', 'strávit', 'manžel', 'tři', 'rok', 'tedy', 'polovina', 'trest', 'korupce', 'pře', 'zadávání', 'tendr', 'být', 'spolu', 'on', 'shledat', 'vinný', 'bývalý', 'středoč
eský', 'hejtman', 'david', 'rath', 'který', 'být', 'odsouzen', 'na', 'sedm', 'let', 'polovina', 'trest', 'který', 'být', 'jednou', 'z', 'zákonný', 'podmínka', 'podmíněný', 'propuštění',
'tedy', 'na', 'rozdíl', 'od', 'kottových', 'za', 'se', 'ještě', 'nemít', 'kott', 'se', 'podle', 'médium', 'trest', 'odpykávat', 'v', 'věznice', 'brněnský', 'bohunicích', 'kde', 'být', 'r
ath', 'kottová', 'být', 'pražský', 'ruzyni', 'kott', 'již', 'propuštění', 'tento', 'rok', 'jednou', 'žádat', 'ale', 'neuspět', 'podat', 'proto', 'stížnost', 'který', 'soud', 'vyhovět', '
v', 'vězení', 'pracovat', 'jako', 'lékař', 'mít', 'dobré', 'kázeňský', 'hodnocení', 'uvést', 'český', 'justice', 'kottovy', 'poslat', 'soud', 'červen', 'do', 'vězení', 'za', 'ovlivňování
', 'tendr', 'na', 'rekonstrukce', 'zámek', 'buštěhrad', 'na', 'kladensku', 'budova', 'gymnázium', 'hostivici', 'žádat', 'úplatek', 'milion', 'přijmout', 'téměř', 'milion', 'koruna', 'sed
m', 'milion', 'dát', 'rathovi', 'soud', 'on', 'uložit', 'také', 'zaplatit', 'milion', 'koruna', 'což', 'učinit', 'rath', 'dostat', 'sedmiletý', 'trest', 'vězení', 'za', 'korupce', 'pře',
 'zadávání', 'tendr', 'na', 'oprava', 'buštěhradu', 'část', 'desetimilionový', 'peněžitý', 'trest', 'dosud', 'neuhradit', 'být', 'on', 'veden', 'exekuční', 'řízení', 'david', 'rath', 'se
', 'zdraví', 'petrem', 'kottem', 'kateřina', 'pancová', 'přihlížet', 'úterý', 'leden', 'pak', 'soud', 'zaznět', 'odposlech', 'z', 'den', 'kdy', 'být', 'rath', 'zatknout', 'se', 'milion',
 'krabice', 'na', 'víno', 'trojice', 'čekat', 'ještě', 'na', 'odvolací', 'řízení', 'druhý', 'větvit', 'korupční', 'kauza', 'prvoinstanční', 'soud', 'manžel', 'kottovým', 'rathovi', 'jeji
ch', 'trest', 'prodloužit', 'na', 'osm', 'let', 'vězení', 'trojice', 'se', 'na', 'přelom', 'let', 'údajně', 'domlouvat', 'úplatek', 'za', 'zmanipulování', 'tendr', 'za', 'stovka', 'milio
n', 'koruna', 'na', 'nákup', 'sanitka', 'pro', 'středočeský', 'záchranný', 'služba', 'rekonstrukce', 'pavilon', 'kolínská', 'nemocnice', 'stavba', 'pavilon', 'mladoboleslavský', 'nemocni
ce', 'přestavba', 'část', 'kladenský', 'nemocnice', 'obžalovaný', 'chtít', 'podle', 'vyšetřovatel', 'přes', 'milion', 'koruna', 'obdržet', 'milion', 'protože', 'být', 'květen', 'zadržet'
, 'policie', 'případ', 'figurovat', 'několik', 'firma', 'významný', 'on', 'být', 'metrostav'], ['třást kolik procent', 'film procent', 'jméno proniknout', 'mirka spáčilová', 'málokdo věd
ět', 'text', 'písňový text', 'čestný výjimka', 'sto', 'let', 'procent', 'kolik', 'procent', 'mirka', 'spáčilová', 'jméno', 'proniknout', 'hodnotit', 'málokdo', 'vědět', 'let', 'písňový',
 'text', 'až', 'já', 'být', 'sto', 'let', 'dáma', 'film', 'procent', 'slibovat', 'mirka', 'spáčilová', 'filmař', 'se', 'třást', 'kolik', 'procent', 'od', 'on', 'dostat', 'za', 'film', 'j
ejí', 'jméno', 'proniknout', 'i', 'do', 'vtip', 'a', 'málokdo', 'vědět', 'že', 'skládat', 'také', 'písňový', 'text', 'i', 'když', 'novinář', 'obvykle', 'nedělat', 'rozhovor', 's', 'koleg
a', 'v', 'redakce', 'mirka', 'spáčilová', 'moct', 'být', 'čestný', 'výjimka', 'i', 'proto', 'že', 'ten', 'poskytnout', 'pohled', 'do', 'svůj', 'kuchyně', 'jak', 'uvažovat', 'když', 'hodn
otit', 'film', 'mnít', 'na', 'tvůj', 'práce', 'přijít', 'těžký', 'že', 'muset', 'chodit', 'na', 'film', 'na', 'který', 'já', 'by', 'nikdy', 'nejít', 'typově', 'vetřelec', 'vs', 'predátor
', 'jak', 'to', 'zvládat', 'vetřelec', 'predátor', 'to', 'být', 'ještě', 'radost', 'zlý', 'být', 'film', 'který', 'se', 'umět', 'předem', 'představit', 'jak', 'být', 'vypadat', 'protože'
, 'jít', 'třeba', 'komiksový', 'pokračování', 'číslo', 'navíc', 'to', 'být', 'trvat', 'tři', 'hodina', 'což', 'být', 'teď', 'skoro', 'běžný', 'to', 'být', 'velká', 'ztráta', 'čas', 'jina
k', 'jít', 'práce', 'jako', 'být', 'každý', 'jiná', 'někdo', 'testovat', 'jogurt', 'někdo', 'politik', 'já', 'film', 'filmař', 'být', 'ješitný', 'třeba', 'půl', 'rok', 'ty', 'nemluvit',
'pak', 'se', 'blíž', 'premiéra', 'další', 'film', 'najednou', 'ty', 'potřebovat', 'zase', 'se', 'tvář', 'že', 'být', 'kamarádit', 'mirka', 'spáčilová', 'filmový', 'kritička'], ['minulý s
třed vyplývat', 'benzin koruna', 'web společnost ccs', 'cena', 'cena sledovat', 'minulý', 'haléř hodně', 'haléř', 'haléř', 'web', 'společnost', 'ccs', 'litr', 'minulý', 'střed', 'cena',
'cena', 'sledovat', 'haléř', 'haléř', 'hodně', 'benzin', 'haléř', 'koruna', 'benzin', 'už', 'být', 'nad', 'koruna', 'za', 'litr', 'nafta', 'stát', 'koruna', 'cena', 'pohonný', 'hmota', '
v', 'česku', 'od', 'minulý', 'týden', 'opět', 'výrazně', 'vzrůst', 'prodávaný', 'benzin', 'natural', 'zdražit', 'o', 'haléř', 'a', 'prodávat', 'se', 'v', 'průměr', 'za', 'koruna', 'za',
'litr', 'za', 'nafta', 'řidič', 'zaplatit', 'průměrně', 'koruna', 'za', 'litr', 'což', 'být', 'o', 'haléř', 'hodně', 'než', 'minulý', 'střed', 'vyplývat', 'to', 'z', 'informace', 'na', '
web', 'společnost', 'ccs', 'který', 'cena', 'sledovat', 'analytik', 'společnost', 'finlord', 'boris', 'tomčiak', 'uvést', 'že', 'prudký', 'zdražování', 'pohonný', 'hmota', 'nekončit', 'b
lízký', 'týden', 'ještě', 'cena', 'stoupnout', 'několik', 'desítka', 'haléř', 'na', 'litr', 'do', 'konec', 'říjen', 'ještě', 'očekávat', 'další', 'růst', 'cena', 'benzin', 'nafta', 'něko
lik', 'desítka', 'haléř', 'nafta', 'být', 'zdražovat', 'rychle', 'důvod', 'být', 'zvýšení', 'cena', 'severomořský', 'ropa', 'brent', 'na', 'současný', 'dolar', 'asi', 'koruna', 'za', 'ba
rel', 'od', 'počátek', 'rok', 'už', 'ropa', 'zdražit', 'hodně', 'než', 'procent', 'velmi', 'vysoký', 'cena', 'být', 'zejména', 'západní', 'evropě', 'říct', 'v', 'čtvrtek', 'tomčiak', 'na
d', 'koruna', 'být', 'průměrný', 'cena', 'benzin', 'naposledy', 'na', 'začátek', 'listopad', 'před', 'rok', 'tento', 'doba', 'platit', 'motorista', 'za', 'litr', 'naturalu', 'průměr', 'n
ecelý', 'koruna', 'diesel', 'být', 'nyní', 'drahý', 'rovněž', 'od', 'listopad', 'před', 'rok', 'stát', 'průměrně', 'zhruba', 'koruna', 'za', 'litr', 'pohonný', 'hmota', 'v', 'zdražování'
, 'následovat', 'ropa', 'jejíž', 'cena', 'na', 'světový', 'trh', 'od', 'začátek', 'rok', 'stoupnout', 'desítka', 'procent', 'výrazný', 'nárůst', 'nafta', 'než', 'benzin', 'být', 'podle',
 'analytik', 'daný', 'prudký', 'zdražování', 'zemní', 'plyn', 'se', 'který', 'souviset', 'vysoký', 'poptávka', 'po', 'topný', 'olej', 'drahý', 'palivo', 'zůstávat', 'praze', 'benzin', 't
am', 'průměrně', 'stát', 'kč', 'nafta', 'kč', 'naopak', 'málo', 'zaplatit', 'řidič', 'za', 'natural', 'ústecký', 'kraj', 'to', 'průměrně', 'koruna', 'za', 'litr', 'diesel', 'být', 'levný
', 'jižní', 'čechách', 'tamní', 'čerpací', 'stanice', 'ho', 'nabízet', 'průměr', 'za', 'kč'], ['letošní duben ukazovat', 'bitcoin', 'bitcoin prodávat zhruba', 'dolar výrazně', 'střed vys
toupit', 'duben', 'překonat maximum', 'připisovat', 'poslední hodina', 'specializovaný', 'portál', 'coindesk', 'bitcoin', 'bitcoin', 'prodávat', 'zhruba', 'dolar', 'výrazně', 'výrazně',
'překročit', 'rekord', 'duben', 'střed', 'vystoupit', 'připisovat', 'milion', 'kč', 'bitcoin', 'zdolat', 'hranice', 'dolar', 'výrazně', 'překročit', 'rekord', 'z', 'duben', 'cena', 'znám
ý', 'kryptoměny', 'bitcoin', 'v', 'střed', 'vystoupit', 'na', 'rekordní', 'dolar', 'milion', 'kč', 'a', 'výrazně', 'tak', 'překonat', 'maximum', 'z', 'letošní', 'duben', 'ukazovat', 'to'
, 'záznam', 'na', 'specializovaný', 'portál', 'coindesk', 'krátce', 'před', 'selč', 'se', 'bitcoin', 'prodávat', 'zhruba', 'za', 'dolar', 'za', 'poslední', 'hodina', 'se', 'tak', 'připis
ovat', 'přes', 'procent', 'krátce', 'před', 'selč', 'se', 'bitcoin', 'prodávat', 'zhruba', 'za', 'dolar', 'za', 'poslední', 'hodina', 'se', 'tak', 'připisovat', 'procent', 'známý', 'kryp
toměně', 'se', 'tak', 'podařit', 'odmazat', 'všechen', 'ztráta', 'který', 'od', 'jaro', 'nabrat', 'tehdy', 'se', 'po', 'kritika', 'kvůli', 'nadměrný', 'energetický', 'náročnost', 'těžba'
, 'obava', 'čínský', 'regulace', 'kurz', 'bitcoinu', 'propadnout', 'k', 'tisíc', 'dolar', 'za', 'kus', 'úterý', 'se', 'však', 'například', 'v', 'spojený', 'stát', 'začít', 'obchodovat',
'první', 'fond', 'etf', 'který', 'se', 'zaměřovat', 'na', 'futures', 'na', 'bitcoiny', 'investor', 'očekávat', 'že', 'cena', 'bitcoinu', 'se', 'být', 'nadále', 'zvyšovat', 'že', 'kryptom
ěna', 'se', 'dočkat', 'obecný', 'přijetí', 'překonání', 'historický', 'maxima', 'se', 'očekávat', 'podstata', 'od', 'duben', 'kdy', 'být', 'ustanovený', 'dosavadní', 'rekord', 'trh', 'je
n', 'po', 'korekce', 'výběr', 'zisk', 'spekulativní', 'investor', 'čekat', 'na', 'dostatečná', 'množství', 'pozitivní', 'impuls', 'naopak', 'útlum', 'negativní', 'zpráva', 'říct', 'čtk',
 'zakladatel', 'společnost', 'bit', 'plus', 'martin', 'stránský', 'poptávka', 'podle', 'on', 'podpořit', 'dlouho', 'očekávaný', 'spuštění', 'fond', 'společnost', 'proshares', 'usa', 'kte
rý', 'umožňovat', 'konvenční', 'způsob', 'investování', 'do', 'bitcoinů', 'ten', 'zjednodušovat', 'pravidelný', 'investování', 'do', 'bitcoinu', 'což', 'snižovat', 'riziko', 'ztráta', 'd
ůvod', 'výkyv', 'kurz', 'bitcoin', 'archiv', 'btc_archive', 'bitcoin', 'broke', 'and', 'made', 'new', 'ath', 'forum', 'the', 'first', 'time', 'in', 'days', 'we', 're', 'back', 'baby', 'o
blíbit', 'odpovědět', 'toto', 'být', 'potvrzující', 'okamžik', 'říct', 'agentura', 'bloomberg', 'jesse', 'proudman', 'šéf', 'poradenský', 'společnost', 'makara', 'už', 'se', 'neřešit', '
zda', 'kryptoměny', 'být', 'dál', 'existovat', 'mysl', 'že', 'to', 'být', 'skutečně', 'zásadní', 'zlom', 'historie', 'rekord', 'se', 'bitcoin', 'připsat', 'předvečer', 'svůj', 'pomyslný'
, 'narozeniny', 'první', 'zmínka', 'němět', 'se', 'totiž', 'poprvé', 'objevit', 'předvečer', 'svátek', 'všechen', 'svatý', 'rok', 'v', 'výzkumný', 'práce', 'satoši', 'nakamota', 'jeho',
'identita', 'být', 'dodnes', 'zahalit', 'tajemství', 'nebýt', 'ani', 'jistý', 'zda', 'jít', 'jeden', 'člověk', 'nebo', 'veliký', 'skupina', 'člověk', 'bitcoin', 'však', 'postupně', 'vedl
e', 'svůj', 'vlastní', 'růst', 'inspirovat', 'vznik', 'další', 'kryptoměn', 'jejichž', 'celkový', 'hodnota', 'podle', 'coinmarketcap', 'com', 'aktuálně', 'přesahovat', 'bilion', 'dolar']
, ['freudovo pozdní odpoledne', 'zábradlí', 'premiéra pražský divadlo', 'opereta', 'zábradlí teskný', 'role václav', 'zábradlí', 'pozdní', 'dočkat', 'freudovo', 'pozdní', 'odpoledne', 'z
ábradlí', 'režie', 'davida', 'jařaba', 'titulní', 'role', 'václav', 'vídeňský', 'opereta', 'pozdní', 'operetní', 'výstup', 'zábradlí', 'teskný', 'freudovo', 'pozdní', 'odpoledne', 'na',
'zábradlí', 'teskný', 'po', 'zapomenutý', 'opereta', 'sigmund', 'freud', 'a', 'vídeňský', 'opereta', 'zajímavý', 'kombinace', 'nabízet', 'nový', 'premiéra', 'pražský', 'divadlo', 'na', '
zábradlí', 'v', 'režie', 'davida', 'jařaba', 'divák', 'se', 'dočkat', 'i', 'operetní', 'výstup', 'slibovat', 'představitel', 'titulní', 'role', 'václav', 'vašák', 'jak', 'být', 'jařabovy
', 'tvorba', 'obvyklý', 'kmenový', 'režisér', 'scéna', 'být', 'autor', 'předloha', 'novinka', 'název', 'freudovo', 'pozdní', 'odpoledne', 'prý', 'divák', 'nabídnout', 'pohled', 'do', 'vr
cholný', 'čas', 'psychologovy', 'práce', 'kdy', 'formulovat', 'svůj', 'myšlenka', 'ohledně', 'vliv', 'trauma', 'dětství', 'na', 'pozdní', 'psychický', 'exces', 'ztvárňovat', 'jej', 'na',
 'konec', 'století', 'konkrétně', 'se', 'citovat', 'rok', 'kdy', 'freudovi', 'umírat', 'otec', 'upřesňovat', 'herec', 'václav', 'vašák', 'který', 'se', 'objevit', 'ústřední', 'role', 'za
kladatel', 'psychoanalýza', 'scénář', 'být', 'pevný', 'od', 'začátek', 'měnit', 'se', 'minimálně', 'nějaký', 'kniha', 'freudovi', 'jeho', 'učení', 'být', 'se', 'přesto', 'načíst', 'pro',
 'svůj', 'herecký', 'pocit', 'lepší', 'orientace', 'době', 'popisovat', 'svojit', 'příprava', 'novinka', 'zaujmout', 'žánr', 'po', 'velice', 'dlouhý', 'době', 'se', 'totiž', 'na', 'prkno
', 'legendární', 'pražský', 'scéna', 'vracet', 'hudební', 'divadlo', 'představení', 'mít', 'podtitul', 'psychoanalytický', 'opereta', 'divák', 'se', 'tedy', 'dočkat', 'operetní', 'výstup
', 'opereta', 'prostředí', 'vídeňský', 'šantánů', 'mít', 'za', 'cíl', 'trochu', 'odlehčit', 'závažný', 'tón', 'představení', 'vysvětlovat', 'vašák', 'píseň', 'pro', 'novinka', 'napsat',
'jakub', 'kudláč', 'konkrétně', 'já', 'nezpívat', 'ale', 'máma', 'tam', 'jeden', 'mikrovýstup', 'který', 'vlastně', 'do', 'operetní', 'žánr', 'spadat', 'zpěv', 'by', 'ale', 'nemluvit', '
dodávat', 'se', 'smích', 'nostalgie', 'po', 'opereta', 'ani', 'sám', 'jařab', 'se', 'nebát', 'novinka', 'do', 'žánr', 'opereta', 'zařadit', 'to', 'z', 'dva', 'důvod', 'zaprvé', 'být', 'n
áš', 'příběh', 'umístěn', 'do', 'let', 'století', 'v', 'vídni', 'nízko', 'ten', 'době', 'právě', 'opereta', 'neodmyslitelně', 'patřit', 'zadruhé', 'máma', 'pocit', 'že', 'být', 'usilovat
', 'kontrast', 'vážnost', 'téma', 'skutečně', 'lehký', 'komický', 'až', 'frivolní', 'tvar', 'opírající', 'se', 'rozšafný', 'hudba', 'téměř', 'říkankové', 'text', 'vysvětlovat', 'režisér'
, 'muzikál', 'být', 'dnes', 'spousta', 'ale', 'opereta', 'téměř', 'vymizet', 'nostalgie', 'po', 'on', 'být', 'další', 'rozměr', 'náš', 'nový', 'inscenace', 'dodávat', 'freudovo', 'pozdní
', 'odpoledne', 'mít', 'divadlo', 'na', 'zábradlí', 'premiér', 'pátek', 'sobota', 'vedle', 'vašákova', 'freuda', 'se', 'divák', 'moct', 'těšit', 'na', 'janu', 'plodkovou', 'úloha', 'jeho
', 'žena', 'marty', 'kateřinu', 'císařův', 'jako', 'psychoanalytikovu', 'sestra', 'dále', 'zde', 'hrát', 'jiří', 'černý', 'anežka', 'kubátová', 'alternace', 'annou', 'fialový', 'miloslav
', 'könig', 'či', 'vasil', 'fridrich'], ['jakýkoli jiný národ', 'sugestivní', 'jmenuje „velikonoční krimi', 'norů velikonočními detektivkami', 'zemi', 'reklamní', 'tradice', 'posedlost',
 'norů', 'velikonoční', 'detektivka', 'odstartovat', 'sugestivní', 'inzerát', 'norové', 'během', 'velikonoce', 'číst', 'hodně', 'detektivní', 'román', 'než', 'jakýkoli', 'jiný', 'národ',
 'na', 'zem', 'tata', 'tradice', 'se', 'jmenovat', 'velikonoční', 'krimi', 'a', 'na', 'její', 'počátek', 'stát', 'sugestivní', 'reklamní', 'kampaň', 'jakýkoli', 'jiný', 'národ,', 'sugest
ivní,', 'jmenuje', '„velikonoční', 'krimi,', 'norů', 'velikonočními', 'detektivkami,', 'zemi,', 'reklamní,', 'tradice', 'většina', 'člověk', 'se', 'velikonoce', 'spojovat', 'příchod', 'j
aro', 'narcis', 'nadšený', 'dítě', 'který', 'se', 'těšit', 'na', 'velikonoční', 'zajíček', 'koledování', 'dna', 'být', 'dlouhý', 'sluneční', 'luční', 'kvítí', 'kolem', 'my', 'rozkvétat',
 'pro', 'nora', 'být', 'důležitý', 'součást', 'velikonoční', 'svátek', 'paaskekrim', 'velikonoční', 'krimi', 'tento', 'tradice', 'odstartovat', 'úspěšný', 'když', 'zavádějící', 'reklamní
', 'kampaň', 'jeden', 'veliký', 'norský', 'vydavatelství', 'gyldendal', 'rok', 'nakladatelství', 'do', 'novina', 'umístit', 'reklama', 'který', 'být', 'na', 'první', 'pohled', 'nerozezna
telný', 'od', 'novinový', 'článek', 'mít', 'chytlavý', 'titulek', 'noční', 'přepadení', 'vlak', 'do', 'bergenu', 'v', 'skutečnost', 'se', 'jednat', 'název', 'nový', 'kniha', 'autor', 'no
rdahla', 'griega', 'nilse', 'liea', 'podle', 'norský', 'spisovatel', 'gunnara', 'staalesena', 'vypadat', 'reklama', 'tak', 'opravdově', 'že', 'spousta', 'člověk', 'osel', 'jejichž', 'pří
buzný', 'večer', 'předtím', 'cestovat', 'vlak', 'zběsile', 'volat', 'do', 'národní', 'železniční', 'společnost', 'dotaz', 'co', 'se', 'stát', 'jejich', 'blízký', 'dnes', 'už', 'by', 'rek
lama', 'hraničit', 'falešný', 'zpráva', 'tehdy', 'ale', 'dosáhnout', 'úspěch', 'celý', 'první', 'náklad', 'zvící', 'výtisk', 'se', 'vyprodat', 'za', 'několik', 'den', 'díky', 'tento', 'u
dálost', 'vzniknout', 'norsku', 'nový', 'svátek', 'detektivka', 'rok', 'pozdě', 'konkurenční', 'vydavatelství', 'aschehoug', 'využít', 'příležitost', 'vytvořit', 'první', 'reklamní', 'ka
mpaň', 'pro', 'velikonoční', 'krimi', 'ačkoliv', 'se', 'detektivní', 'fikce', 'v', 'svět', 'stát', 'oblíbený', 'už', 'polovina', 'století', 'kdy', 'například', 'vyjít', 'vražda', 'ulice'
, 'morgue', 'edgara', 'allana', 'poea', 'norsku', 'dosáhnout', 'velký', 'úspěch', 'až', 'let', 'minulý', 'století', 'dnes', 'být', 'většina', 'velikonoční', 'detektivka', 'čtený', 'norsk
u', 'psaný', 'nora', 'označovat', 'se', 'jako', 'skandinávský', 'noir', 'nebo', 'severský', 'detektivka', 'oproti', 'klasický', 'vražda', 'na', 'anglický', 'venkov', 'být', 'temný', 'jej
ich', 'centrum', 'stát', 'detektiv', 'komplikovaný', 'povaha', 'rozháraný', 'nitro', 'klást', 'důraz', 'na', 'prostředí', 'jenž', 'se', 'odehrávat', 'typický', 'příklad', 'být', 'série',
 'román', 'harrym', 'holem', 'od', 'spisovatel', 'jo', 'nesboho', 'knižní', 'detektivka', 'nebýt', 'jediný', 'co', 'nora', 'velikonoce', 'bavit', 'pro', 'ty', 'který', 'místo', 'čtení',
'rád', 'sledovat', 'televize', 'být', 'tu', 'maraton', 'kriminální', 'seriál', 'obvykle', 'začínat', 'zelené', 'čtvrtka', 'končit', 'na', 'velikonoční', 'pondělí', 'některý', 'být', 'roz
dělená', 'tak', 'aby', 'být', 'divák', 'muset', 'sledovat', 'další', 'den', 'pokud', 'se', 'chtít', 'dozvědět', 'co', 'se', 'být', 'dál', 'mnoho', 'norský', 'rodina', 'sledovat', 'podobn
ý', 'pořad', 'během', 'velikonoce', 'společně', 'hádat', 'kdo', 'být', 'vrah'], ['zákonný pravidlo riziko', 'závěť', 'zemřelý nemít dítě', 'partner', 'neexistovat závěť pozůstalost', 'pr
axe nastat kuriózní', 'partner žít', 'společný domácnost', 'zemřelý', 'nemít', 'dítě', 'nastat', 'kuriózní', 'neexistovat', 'závěť', 'závěť', 'dům', 'zdědit', 'zákonný', 'pravidlo', 'par
tner', 'totiž', 'partner', 'žít', 'zemřít', 'bez', 'závěť', 'a', 'jeho', 'dům', 'zdědit', 'dva', 'žena', 'manželka', 'i', 'milenka', 'pokud', 'neexistovat', 'závěť', 'pozůstalost', 'se',
 'rozdělit', 'podle', 'zákonný', 'pravidlo', 'riziko', 'tak', 'hrozit', 'zejména', 'nesezdaný', 'pár', 'partner', 'totiž', 'být', 'dědit', 'pouze', 'v', 'případ', 'že', 'zemřelý', 'nemít
', 'dítě', 'a', 'partner', 'žít', 'v', 'společný', 'domácnost', 'po', 'doba', 'málo', 'jeden', 'rok', 'jenže', 'jak', 'ukazovat', 'praxe', 'moct', 'nastat', 'i', 'kuriózní', 'situace', '
pan', 'albert', 'být', 'úspěšn��', 'podnikatel', 'šťastně', 'ženatý', 'muž', 'ale', 'ani', 'štěstí', 'zejména', 'to', 'manželský', 'netrvat', 'věčně', 'pan', 'albert', 'trávit', 'spoustu
', 'čas', 'v', 'svůj', 'firma', 'asistentka', 'který', 'on', 'pracovní', 'věc', 'být', 'pravá', 'ruka', 'po', 'čas', 'mezi', 'on', 'přeskočit', 'jiskra', 'tak', 'pan', 'albert', 'domů',
'nespěchat', 'ani', 'když', 'pracovní', 'věc', 'být', 'dávno', 'vyřešen', 'jenže', 'jeho', 'manželka', 'začít', 'být', 'podezřívavý', 'když', 'na', 'on', 'udeřit', 'říct', 'jíst', 'pravd
a', 'mít', 'vztah', 'se', 'svůj', 'asistentka', 'manželka', 'být', 'ale', 'spořádaný', 'žena', 'rozvod', 'nechtít', 'ani', 'slyšet', 'domluvit', 'se', 'že', 'se', 'rozvádět', 'nebýt', 'v
', 'společný', 'dům', 'zůstat', 'bydlet', 'pouze', 'on', 'nad', 'to', 'být', 'od', 'manžel', 'dostávat', 'pravidelný', 'měsíční', 'renta', 'albert', 'se', 'radost', 'přestěhovat', 'do',
'byt', 'svůj', 'přítelkyně', 'emy', 'ten', 'dokonce', 'přestat', 'chodit', 'do', 'práce', 'protože', 'se', 'to', 'albertovi', 'už', 'nadále', 'nezdát', 'vhodný', 'také', 'protože', 'být'
, 'dost', 'žárlivý', 'cela', 'domácnost', 'tak', 'živit', 'pouze', 'on', 'jejich', 'soužití', 'trvalo', 'přes', 'dva', 'rok', 'jednou', 'noc', 'se', 'ale', 'vracet', 'z', 'služební', 'ce
sta', 'auto', 'dostat', 'nekontrolovatelný', 'smyk', 'vyletět', 'z', 'silnice', 'narazit', 'do', 'strom', 'albert', 'nehoda', 'nepřežít', 'bez', 'závěť', 'se', 'dědit', 'podle', 'zákon',
 'po', 'smrt', 'pan', 'alberta', 'se', 'rozběhnout', 'pozůstalostní', 'řízení', 'vzhledem', 'ten', 'že', 'nebýt', 'sepsat', 'závěť', 'ani', 'uzavřen', 'dědický', 'smlouva', 'notář', 'pře
', 'rozdělování', 'pozůstalost', 'postupovat', 'podle', 'zákon', 'pokud', 'nebýt', 'sepsaný', 'závěť', 'nastupovat', 'dědění', 'podle', 'zákon', 'jako', 'první', 'na', 'řad', 'první', 't
řída', 'dědic', 'přicházet', 'dítě', 'manžel', 'ka', 'kdy', 'každý', 'dědit', 'stejný', 'dílem', 'přibližovat', 'advokát', 'pavel', 'strnad', 'pavel', 'strnad', 'absolvovat', 'právnický'
, 'fakulta', 'masarykovy', 'univerzita', 'brnět', 'studovat', 'na', 'universitá', 'la', 'sapienza', 'římě', 'the', 'john', 'marshall', 'law', 'school', 'chicagu', 'být', 'vedoucí', 'advo
kát', 'zakladatel', 'ak', 'polverini', 'strnad', 'specializovat', 'se', 'na', 'právo', 'nemovitost', 'včetně', 'bankovní', 'financování', 'insolvenčního', 'práv', 'zastřešovat', 'služba'
, 'právní', 'ochrana', 'majetek', 'protože', 'pan', 'albert', 'žádný', 'dítě', 'nemít', 'notář', 'postupovat', 'dále', 'prověřovat', 'druhý', 'třída', 'dědic', 'ten', 'dědit', 'manželka'
, 'pozůstalý', 'málo', 'polovina', 'pozůstalost', 'dále', 'dědit', 'zůstavitel', 'rodič', 'ti', 'který', 'žít', 'se', 'zůstavitel', 'málo', 'po', 'doba', 'jeden', 'rok', 'před', 'jeho',
'smrt', 'v', 'společný', 'domácnost', 'který', 'tento', 'důvod', 'pečovat', 'společný', 'domácnost', 'nebo', 'být', 'odkázat', 'výživa', 'na', 'zůstavitel', 'tento', 'konkrétní', 'případ
', 'notář', 'dospět', 'závěr', 'že', 'albertovými', 'dědic', 'být', 'jeho', 'manželka', 'jeho', 'přítelkyně', 'ema', 'předmět', 'pozůstalost', 'být', 'dům', 'jenž', 'bydlet', 'albertova'
, 'manželka', 'paradoxně', 'tento', 'dům', 'tak', 'připadnout', 'do', 'spoluvlastnictví', 'manželka', 'milenka', 'uvádět', 'pavel', 'strnad', 'albertova', 'manželka', 'mít', 'nárok', 'na
', 'tříčtvrtinový', 'podíl', 'přítelkyně', 'ema', 'na', 'čtvrtinový', 'podíl', 'pře', 'dnešní', 'cena', 'nemovitost', 'lze', 'očekávat', 'že', 'manželka', 'být', 'mít', 'velká', 'potíž',
 'vyplacení', 'menšinový', 'spoluvlastnice', 'částka', 'se', 'případ', 'dům', 'být', 'pohybovat', 'řád', 'milion', 'koruna', 'říkat', 'advokát', 'přitom', 'podle', 'on', 'stačit', 'aby',
 'pan', 'albert', 'kdykoliv', 'za', 'svůj', 'život', 'pořídit', 'závěť', 'v', 'který', 'by', 'jasně', 'specifikovat', 'jaký', 'majetek', 'mít', 'koma', 'připadnout', 'zabránit', 'tak', '
další', 'právní', 'tahanice', 'soudní', 'spor', 'navíc', 'závěť', 'se', 'dát', 'kdykoliv', 'změnit', 'pokud', 'by', 'se', 'například', 'rozejít', 'se', 'svůj', 'přítelkyně', 'emou', 'jed
noduše', 'by', 'závěť', 'aktualizovat'], ['stejně vkusně oblečen', 'římě', 'ohlížet kdekdo muž', 'darina šťastný', 'úplně stejný outfit', 'šít takový', 'malá dcerka dva', 'milion stát',
'mít', 'obrat', 'římě', 'milion', 'stát', 'dva', 'ohlížet', 'kdekdo', 'darina', 'šťastný', 'malá', 'dcerka', 'šít', 'pobyt', 'pobyt', 'v', 'římě', 'jíst', 'obrátit', 'život', 'naruby', '
jen', 'letos', 'už', 'mít', 'obrat', 'v', 'milion', 'stát', 'se', 'to', 'na', 'dovolená', 'v', 'římě', 'darina', 'šťastný', 'tam', 'potkat', 'dva', 'dáma', 'dva', 'být', 'stejně', 'vkusn
ě', 'oblečen', 'za', 'dva', 'se', 'ohlížet', 'kdekdo', 'muž', 'i', 'žena', 'být', 'to', 'maminka', 's', 'malá', 'dcerka', 'dva', 'mít', 'úplně', 'stejný', 'outfit', 'a', 'tehdy', 'už', '
darina', 'šťastný', 'podvědomě', 'vědět', 'že', 'chtít', 'šít', 'právě', 'takový', 'oblečení', 'kdy', 'být', 'váš', 'značka', 'založit', 'co', 'všechen', 'tedy', 'znamenat', 'paradoxně',
 'na', 'svůj', 'první', 'mateřský', 'únor', 'syn', 'šimonovi', 'být', 'zrovna', 'dva', 'rok', 'my', 'se', 'manžel', 'rozhodnout', 'strávit', 'prodloužený', 'víkend', 'římě', 'právě', 'bý
t', 'se', 'procházet', 'po', 'španělský', 'schod', 'když', 'kolem', 'my', 'procházet', 'maminka', 'dcera', 'být', 'naprosto', 'stejné', 'dáma', 'malá', 'velká', 'klobouk', 'šaty', 'baler
íny', 'nechybět', 'ani', 'pro', 'každý', 'chanel', 'le', 'boy', 'být', 'to', 'něco', 'úžasný', 'jak', 'procházet', 'dál', 'všimnout', 'být', 'se', 'že', 'se', 'za', 'on', 'neotáčet', 'je
n', 'žena', 'ale', 'muž', 'uchvátit', 'já', 'to', 'tu', 'chvíle', 'být', 'sám', 'toužit', 'být', 'takto', 'sladěný', 'já', 'se', 'svůj', 'syn', 'po', 'návrat', 'domů', 'být', 'intenzivně
', 'hledat', 'kde', 'by', 'takový', 'oblečení', 'sehnat', 'najít', 'být', 'ho', 'ne', 'ten', 'době', 'být', 'my', 'vlastně', 'jeden', 'známý', 'brand', 'na', 'šití', 'stejný', 'outfitů',
 'samozřejmě', 'nespočet', 'šikovný', 'maminka', 'na', 'mateřský', 'který', 'šít', 'jednoduchý', 'tričko', 'tepláky', 'pro', 'se', 'svůj', 'ratolest', 'tepláky', 'být', 'samozřejmě', 'fa
jn', 'ale', 'přijít', 'já', 'zbytečný', 'aby', 'být', 'někdo', 'sladěný', 'jen', 'doma', 'pak', 'já', 'jednou', 'manžel', 'říct', 'božit', 'já', 'neříkat', 'že', 'být', 'tak', 'těžký', '
ušít', 'něco', 'jiné', 'než', 'tepláky', 'triko', 'když', 'něco', 'chtít', 'udělat', 'se', 'to', 'sám', 'to', 'rozhodnout', 'co', 'být', 'tedy', 'nakonec', 'vymyslet', 'nedát', 'já', 'to
', 'spát', 'neustále', 'být', 'přemýšlet', 'který', 'věc', 'postrádat', 'který', 'se', 'naopak', 'můžu', 'koupit', 'trvalo', 'já', 'přes', 'půl', 'rok', 'než', 'být', 'na', 'svět', 'prvn
í', 'nákres', 'podle', 'který', 'být', 'moct', 'začít', 'šít', 'přiznat', 'se', 'já', 'sám', 'totiž', 'šít', 'neumět', 'proto', 'být', 'potřebovat', 'někdo', 'kdo', 'ty', 'můj', 'předsta
v', 'dokázat', 'přenést', 'do', 'realita', 'postupně', 'být', 'pak', 'muset', 'vychytat', 'všechen', 'moucha', 'aby', 'moct', 'jít', 'kůže', 'na', 'trh', 'vrátit', 'se', 'ale', 'na', 'za
čátek', 'kde', 'být', 'pracovat', 'před', 'mateřský', 'dovolená', 'proč', 'být', 'se', 'do', 'práce', 'nevrátit', 'dříve', 'být', 'pracovat', 'nadnárodní', 'korporátu', 'poslední', 'zamě
stnání', 'z', 'který', 'být', 'odejít', 'na', 'mateřský', 'být', 'banka', 'neříkat', 'že', 'já', 'to', 'nebavit', 'ale', 'být', 'tam', 'velice', 'málo', 'prostor', 'pro', 'tvůrčí', 'věc'
, 'to', 'ale', 'vyplývat', 'logik', 'věc', 'bankovní', 'sektor', 'se', 'asi', 'moc', 'tvořit', 'nedát', 'všechen', 'říkat', 'číslo', 'ten', 'tvořivost', 'kreativita', 'já', 'prostě', 'ch
ybět', 'darina', 'šťastný', 'let', 'vystudovat', 'obchodní', 'akademie', 'hradci', 'králová', 'pracovat', 'kromě', 'jiné', 'bankovnictví', 'rok', 'založit', 'vlastní', 'značka', 'tedy',
'mít', 'syn', 'čekat', 'další', 'potomek', 'mezi', 'její', 'koníček', 'patřit', 'cestování', 'milovat', 'moře', 'moct', 'popsat', 'svůj', 'podnikatelský', 'začátky', 'mysl', 'se', 'že',
'každý', 'podnikatelský', 'rozjezd', 'být', 'těžký', 'obzvlášť', 'když', 'chtít', 'aby', 'být', 'všechen', 'perfektní', 'těžký', 'asi', 'být', 'takzvaně', 'se', 'rozhoupat', 'role', 'ten
', 'sehrát', 'fakt', 'že', 'být', 'muset', 'investovat', 'nějaký', 'sedm', 'tisíc', 'měsíčně', 'který', 'být', 'na', 'rodičovský', 'dovolená', 'pobírat', 'být', 'pro', 'já', 'každý', 'in
vestice', 'vysoký', 'nechtít', 'být', 'vkládat', 'naši', 'úspor', 'do', 'podnikání', 'na', 'to', 'být', 'moc', 'opatrný', 'takže', 'být', 'se', 'stanovit', 'manžel', 'částka', 'který', '
být', 'se', 'moct', 'banka', 'půjčit', 'aniž', 'by', 'my', 'to', 'případ', 'neúspěch', 'nějak', 'ohrozit', 'kolik', 'ten', 'půjčka', 'obnášet', 'půjčit', 'být', 'se', 'padesát', 'tisíc',
 'koruna', 'koupit', 'dvacet', 'metr', 'látka', 'dva', 'barva', 'za', 'zbytek', 'být', 'zřídit', 'eshop', 'něco', 'jít', 'na', 'provoz', 'jako', 'by', 'já', 'někdo', 'říct', 'tady', 'mít
', 'peníze', 'zkusit', 'být', 'zestonásobit', 'tak', 'být', 'ten', 'od', 'začátek', 'přistupovat', 'vy', 'být', 'chtít', 'pracovat', 'sám', 'anebo', 'být', 'od', 'začátek', 'vědět', 'že'
, 'se', 'muset', 'sehnat', 'tým', 'potřebovat', 'být', 'spolupracovník', 'to', 'být', 'asi', 'těžký', 'najít', 'takový', 'člověk', 'na', 'který', 'by', 'se', 'moct', 'spolehnout', 'který
', 'by', 'být', 'pro', 'práce', 'zapálit', 'to', 'se', 'já', 'naštěstí', 'podařit', 'být', 'vděčný', 'že', 'být', 'být', 'najít', 'čí', 'být', 'vaši', 'značka', 'jedinečný', 'co', 'všech
en', 'šít', 'tvořit', 'věc', 'který', 'se', 'moct', 'dovolit', 'nosit', 'každý', 'to', 'pro', 'různý', 'příležitost', 'tričko', 'šaty', 'vesta', 'kabát', 'kalhoty', 'prostě', 'oděv', 'vš
ecek', 'druh', 'to', 'jak', 'pro', 'dospělí', 'tak', 'pro', 'jejich', 'dítě', 'chtít', 'aby', 'to', 'všechen', 'moct', 'naši', 'zákaznice', 'nosit', 'rok', 'aby', 'ty', 'věc', 'pořád', '
vypadat', 'jako', 'nový', 'nehrát', 'se', 'na', 'nějaký', 'dva', 'rok', 'záruka', 'mít', 'sortiment', 'značka', 'nějaký', 'favorit', 'nebo', 'všechen', 'kousek', 'brát', 'stejně', 'přizn
at', 'se', 'bez', 'mučení', 'máma', 'hned', 'dva', 'být', 'to', 'takzvaný', 'hacafrák', 'kalhoty', 'letošní', 'kolekce', 'naruby', 'ty', 'mít', 'v', 'všechen', 'naši', 'dostupný', 'barva
', 'tvorba', 'právě', 'tento', 'dva', 'kousek', 'my', 'dát', 'hodně', 'hodně', 'zabrat', 'už', 'proces', 'výroba', 'být', 'muset', 'vychytat', 'věc', 'který', 'my', 'látka', 'nedovolovat
', 'my', 'to', 'přesto', 'nechtít', 'vzdát', 'nakonec', 'se', 'to', 'podařit', 'mysl', 'že', 'všechen', 'naši', 'výrobek', 'mít', 'svůj', 'typický', 'rukopis', 'každý', 'kdo', 'už', 'něc
o', 'náš', 'sortiment', 'mít', 'poznat', 'na', 'jiné', 'že', 'se', 'jednat', 'naši', 'značka', 'zároveň', 'se', 'dávat', 'pozor', 'aby', 'nebýt', 'všechen', 'stejné', 'když', 'se', 'vrát
it', 'onen', 'dva', 'oblíbený', 'kousek', 'tedy', 'hacafraku', 'kalhoty', 'koupit', 'se', 'tyt', 'dva', 'kousek', 'už', 'přes', 'tisíc', 'zákaznice', 'což', 'být', 'skvělý', 'jak', 'se',
 'dostat', 'vaši', 'značka', 'do', 'povědomí', 'člověk', 'troufat', 'se', 'říct', 'že', 'primárně', 'na', 'doporučení', 'naši', 'spokojený', 'zákaznice', 'častokrát', 'se', 'my', 'totiž'
, 'stávat', 'že', 'my', 'zavolat', 'do', 'ateliér', 'někdo', 'kdo', 'náš', 'oblečení', 'potkat', 'třeba', 'kolegyně', 'práce', 'chtít', 'ho', 'mít', 'taky', 'kde', 'všude', 'se', 'vaši',
 'oblečení', 'prodávat', 'současnost', 'mít', 'několik', 'partnerský', 'obchod', 'shop', 'kde', 'být', 'možný', 'zakoupit', 'naši', 'kousek', 'být', 'to', 'praze', 'brnět', 'český', 'bud
ějovicích', 'samozřejmě', 'hradci', 'králová', 'odkud', 'pocházet', 'současný', 'době', 'plánovat', 'navázat', 'spolupráce', 'obchod', 'olomouci', 'jenž', 'být', 'mít', 'rozjet', 'spolup
ráce', 'už', 'loni', 'ale', 'kvůli', 'covidu', 'to', 'nebýt', 'možný', 'pokud', 'by', 'mít', 'jmenovat', 'jeden', 'jediný', 'důležitý', 'věc', 'který', 'pomoct', 'váš', 'značka', 'uspět'
, 'který', 'by', 'to', 'být', 'rozhodně', 'svůj', 'manžel', 'jirku', 'který', 'já', 'po', 'cela', 'doba', 'držet', 'on', 'být', 'ten', 'kdo', 'vyslechnout', 'všechen', 'můj', 'nářek', 'o
n', 'být', 'ten', 'kdo', 'se', 'mnout', 'slavit', 'úspěch', 'jak', 'už', 'to', 'život', 'chodit', 'jednou', 'být', 'dobře', 'jednou', 'zle', 'on', 'být', 'já', 'vždycky', 'velká', 'opora
', 'vrátit', 'já', 'vždycky', 'zpátky', 'do', 'pohoda', 'který', 'být', 'můj', 'případ', 'neskutečně', 'důležitý', 'muset', 'vědět', 'že', 'máma', 'pevný', 'základ', 'na', 'který', 'můžu
', 'dál', 'stavět', 'to', 'být', 'tento', 'případ', 'rodina', 'mít', 'nějaký', 'ambasador', 'vyloženě', 'ambasador', 'nemít', 'co', 'ale', 'mít', 'tak', 'tvář', 'svůj', 'vlastní', 'kolek
ce', 'každý', 'rok', 'se', 'pod', 'náš', 'značka', 'tvořit', 'svůj', 'vlastní', 'kolekce', 'někdo', 'z', 'známý', 'osobnost', 'letos', 'být', 'to', 'již', 'druhý', 'rok', 'andrea', 'kere
[...]
    @pytest.mark.integtest

tests\test_integration\test_recommender_methods\test_content_based_methods.py:36
  C:\Users\patrik\PycharmProjects\moje-clanky-api-3\tests\test_integration\test_recommender_methods\test_content_based_methods.py:36: PytestUnknownMarkWarning: Unknown pytest.mark.integt
est - is this a typo?  You can register custom marks to avoid this warning - for details, see https://docs.pytest.org/en/stable/how-to/mark.html
    @pytest.mark.integtest

tests\test_integration\test_recommender_methods\test_content_based_methods.py:73
  C:\Users\patrik\PycharmProjects\moje-clanky-api-3\tests\test_integration\test_recommender_methods\test_content_based_methods.py:73: PytestUnknownMarkWarning: Unknown pytest.mark.integt
est - is this a typo?  You can register custom marks to avoid this warning - for details, see https://docs.pytest.org/en/stable/how-to/mark.html
    @pytest.mark.integtest

tests\test_integration\test_recommender_methods\test_content_based_methods.py:89
  C:\Users\patrik\PycharmProjects\moje-clanky-api-3\tests\test_integration\test_recommender_methods\test_content_based_methods.py:89: PytestUnknownMarkWarning: Unknown pytest.mark.integt
est - is this a typo?  You can register custom marks to avoid this warning - for details, see https://docs.pytest.org/en/stable/how-to/mark.html
    @pytest.mark.integtest

tests\test_integration\test_recommender_methods\test_content_based_methods.py:96
  C:\Users\patrik\PycharmProjects\moje-clanky-api-3\tests\test_integration\test_recommender_methods\test_content_based_methods.py:96: PytestUnknownMarkWarning: Unknown pytest.mark.integt
est - is this a typo?  You can register custom marks to avoid this warning - for details, see https://docs.pytest.org/en/stable/how-to/mark.html
    @pytest.mark.integtest

tests\test_integration\test_recommender_methods\test_content_based_methods.py:143
  C:\Users\patrik\PycharmProjects\moje-clanky-api-3\tests\test_integration\test_recommender_methods\test_content_based_methods.py:143: PytestUnknownMarkWarning: Unknown pytest.mark.integ
test - is this a typo?  You can register custom marks to avoid this warning - for details, see https://docs.pytest.org/en/stable/how-to/mark.html
    @pytest.mark.integtest

tests\test_integration\test_recommender_methods\test_content_based_methods.py:150
  C:\Users\patrik\PycharmProjects\moje-clanky-api-3\tests\test_integration\test_recommender_methods\test_content_based_methods.py:150: PytestUnknownMarkWarning: Unknown pytest.mark.integ
test - is this a typo?  You can register custom marks to avoid this warning - for details, see https://docs.pytest.org/en/stable/how-to/mark.html
    @pytest.mark.integtest

tests\test_integration\test_recommender_methods\test_content_based_methods.py:178
  C:\Users\patrik\PycharmProjects\moje-clanky-api-3\tests\test_integration\test_recommender_methods\test_content_based_methods.py:178: PytestUnknownMarkWarning: Unknown pytest.mark.integ
test - is this a typo?  You can register custom marks to avoid this warning - for details, see https://docs.pytest.org/en/stable/how-to/mark.html
    @pytest.mark.integtest

tests\test_integration\test_recommender_methods\test_content_based_methods.py:186
  C:\Users\patrik\PycharmProjects\moje-clanky-api-3\tests\test_integration\test_recommender_methods\test_content_based_methods.py:186: PytestUnknownMarkWarning: Unknown pytest.mark.integ
test - is this a typo?  You can register custom marks to avoid this warning - for details, see https://docs.pytest.org/en/stable/how-to/mark.html
    @pytest.mark.integtest

tests\test_integration\test_recommender_methods\test_hybrid_methods.py:18
  C:\Users\patrik\PycharmProjects\moje-clanky-api-3\tests\test_integration\test_recommender_methods\test_hybrid_methods.py:18: PytestUnknownMarkWarning: Unknown pytest.mark.integtest - i
s this a typo?  You can register custom marks to avoid this warning - for details, see https://docs.pytest.org/en/stable/how-to/mark.html
    @pytest.mark.integtest

tests\test_integration\test_recommender_methods\test_hybrid_methods.py:25
  C:\Users\patrik\PycharmProjects\moje-clanky-api-3\tests\test_integration\test_recommender_methods\test_hybrid_methods.py:25: PytestUnknownMarkWarning: Unknown pytest.mark.integtest - i
s this a typo?  You can register custom marks to avoid this warning - for details, see https://docs.pytest.org/en/stable/how-to/mark.html
    @pytest.mark.integtest

tests\test_integration\test_recommender_methods\test_user_preferences_methods.py:20
  C:\Users\patrik\PycharmProjects\moje-clanky-api-3\tests\test_integration\test_recommender_methods\test_user_preferences_methods.py:20: PytestUnknownMarkWarning: Unknown pytest.mark.int
egtest - is this a typo?  You can register custom marks to avoid this warning - for details, see https://docs.pytest.org/en/stable/how-to/mark.html
    @pytest.mark.integtest

tests\test_integration\test_recommender_methods\test_user_preferences_methods.py:47
  C:\Users\patrik\PycharmProjects\moje-clanky-api-3\tests\test_integration\test_recommender_methods\test_user_preferences_methods.py:47: PytestUnknownMarkWarning: Unknown pytest.mark.int
egtest - is this a typo?  You can register custom marks to avoid this warning - for details, see https://docs.pytest.org/en/stable/how-to/mark.html
    @pytest.mark.integtest

tests/test_integration/test_only_local_working_methods/test_content_based_local.py::test_word2vec_method
  C:\Users\patrik\PycharmProjects\moje-clanky-api-3\venv\lib\site-packages\gensim\similarities\termsim.py:382: RuntimeWarning: divide by zero encountered in true_divide
    normalized_corpus = np.multiply(corpus, 1.0 / corpus_norm)

tests/test_integration/test_only_local_working_methods/test_content_based_local.py::test_word2vec_method
  C:\Users\patrik\PycharmProjects\moje-clanky-api-3\venv\lib\site-packages\gensim\similarities\termsim.py:382: RuntimeWarning: invalid value encountered in multiply
    normalized_corpus = np.multiply(corpus, 1.0 / corpus_norm)

-- Docs: https://docs.pytest.org/en/stable/how-to/capture-warnings.html

---------- coverage: platform win32, python 3.8.10-final-0 -----------
Name                                                                                                                     Stmts   Miss  Cover
--------------------------------------------------------------------------------------------------------------------------------------------
src\__init__.py                                                                                                              0      0   100%
src\constants\__init__.py                                                                                                    0      0   100%
src\constants\file_paths.py                                                                                                  5      1    80%
src\constants\naming.py                                                                                                      4      0   100%
src\custom_exceptions\__init__.py                                                                                            0      0   100%
src\custom_exceptions\exceptions.py                                                                                          2      0   100%
src\main.py                                                                                                                  3      3     0%
src\messaging\__init__.py                                                                                                    0      0   100%
src\messaging\init_channels.py                                                                                              31     31     0%
src\prefillers\__init__.py                                                                                                   0      0   100%
src\prefillers\content_based_prefillers\__init__.py                                                                          0      0   100%
src\prefillers\content_based_prefillers\prefilling_doc2vec.py                                                                7      7     0%
src\prefillers\content_based_prefillers\prefilling_doc2vec_full.py                                                           7      7     0%
src\prefillers\content_based_prefillers\prefilling_doc2vec_vectors.py                                                        7      7     0%
src\prefillers\content_based_prefillers\prefilling_lda.py                                                                    7      7     0%
src\prefillers\content_based_prefillers\prefilling_lda_full.py                                                               7      7     0%
src\prefillers\content_based_prefillers\prefilling_tfidf.py                                                                  7      7     0%
src\prefillers\content_based_prefillers\prefilling_tfidf_full.py                                                             7      7     0%
src\prefillers\content_based_prefillers\prefilling_word2vec_full.py                                                          7      7     0%
src\prefillers\notify_prefillers.py                                                                                          4      4     0%
src\prefillers\prefiller.py                                                                                                304    199    35%
src\prefillers\prefilling_additional.py                                                                                    136    123    10%
src\prefillers\prefilling_all.py                                                                                            77     22    71%
src\prefillers\prefilling_mongo.py                                                                                           1      1     0%
src\prefillers\preprocessing\__init__.py                                                                                     0      0   100%
src\prefillers\preprocessing\bigrams_phrases.py                                                                             36     36     0%
src\prefillers\preprocessing\cz_preprocessing.py                                                                            63     50    21%
src\prefillers\preprocessing\czech_stemmer.py                                                                              134    122     9%
src\prefillers\preprocessing\stopwords_loading.py                                                                           41      9    78%
src\prefillers\user_based_prefillers\__init__.py                                                                             0      0   100%
src\prefillers\user_based_prefillers\prefilling_collaborative.py                                                            19      3    84%
src\prefillers\user_based_prefillers\prefilling_user_classifier.py                                                          80     69    14%
src\presentation\__init__.py                                                                                                 0      0   100%
src\presentation\data_logging.py                                                                                             7      7     0%
src\recommender_core\__init__.py                                                                                             0      0   100%
src\recommender_core\checks\__init__.py                                                                                      0      0   100%
src\recommender_core\checks\data_types.py                                                                                   61     30    51%
src\recommender_core\data_handling\__init__.py                                                                               0      0   100%
src\recommender_core\data_handling\data_connection.py                                                                       20     20     0%
src\recommender_core\data_handling\data_handlers.py                                                                          7      3    57%
src\recommender_core\data_handling\data_manipulation.py                                                                    573    294    49%
src\recommender_core\data_handling\data_queries.py                                                                         441    184    58%
src\recommender_core\data_handling\model_methods\__init__.py                                                                 0      0   100%
src\recommender_core\data_handling\model_methods\user_methods.py                                                            34     12    65%
src\recommender_core\data_handling\reader.py                                                                                93     69    26%
src\recommender_core\dataset_statistics\__init__.py                                                                          0      0   100%
src\recommender_core\dataset_statistics\corpus_statistics.py                                                                66     54    18%
src\recommender_core\global_excpetion_handlers\__init__.py                                                                   0      0   100%
src\recommender_core\global_excpetion_handlers\exception_handlers.py                                                         0      0   100%
src\recommender_core\recommender_algorithms\__init__.py                                                                      0      0   100%
src\recommender_core\recommender_algorithms\content_based_algorithms\__init__.py                                             0      0   100%
src\recommender_core\recommender_algorithms\content_based_algorithms\doc2vec.py                                            426    263    38%
src\recommender_core\recommender_algorithms\content_based_algorithms\doc_sim.py                                            180     92    49%
src\recommender_core\recommender_algorithms\content_based_algorithms\exceptions.py                                           0      0   100%
src\recommender_core\recommender_algorithms\content_based_algorithms\gensim_methods.py                                      76     34    55%
src\recommender_core\recommender_algorithms\content_based_algorithms\helper.py                                              58     31    47%
src\recommender_core\recommender_algorithms\content_based_algorithms\ldaclass.py                                                519    319    39%
src\recommender_core\recommender_algorithms\content_based_algorithms\memory_profiler.py                                     15     15     0%
src\recommender_core\recommender_algorithms\content_based_algorithms\models_manipulation\__init__.py                         0      0   100%
src\recommender_core\recommender_algorithms\content_based_algorithms\models_manipulation\models_loaders.py                   8      1    88%
src\recommender_core\recommender_algorithms\content_based_algorithms\similarities.py                                        84     38    55%
src\recommender_core\recommender_algorithms\content_based_algorithms\tfidf.py                                              373    186    50%
src\recommender_core\recommender_algorithms\content_based_algorithms\word2vec.py                                           590    435    26%
src\recommender_core\recommender_algorithms\hybrid_algorithms\__init__.py                                                    0      0   100%
src\recommender_core\recommender_algorithms\hybrid_algorithms\hybrid_methods.py                                            216    149    31%
src\recommender_core\recommender_algorithms\learn_to_rank\__init__.py                                                        0      0   100%
src\recommender_core\recommender_algorithms\learn_to_rank\learn_to_rank_legacy.py                                          109    109     0%
src\recommender_core\recommender_algorithms\learn_to_rank\learn_to_rank_methods.py                                         605    605     0%
src\recommender_core\recommender_algorithms\user_based_algorithms\__init__.py                                                0      0   100%
src\recommender_core\recommender_algorithms\user_based_algorithms\collaboration_based_recommendation.py                    238    144    39%
src\recommender_core\recommender_algorithms\user_based_algorithms\user_keywords_recommendation.py                           59     16    73%
src\recommender_core\recommender_algorithms\user_based_algorithms\user_relevance_classifier\__init__.py                      0      0   100%
src\recommender_core\recommender_algorithms\user_based_algorithms\user_relevance_classifier\classifier.py                  259    140    46%
src\recommender_core\recommender_algorithms\user_based_algorithms\user_relevance_classifier\user_evaluation_results.py       7      7     0%
src\try2.py                                                                                                                 13     13     0%
src\try3.py                                                                                                                 11     11     0%
src\try.py                                                                                                                  11     11     0%
src\try_hybrid.py                                                                                                            8      8     0%
--------------------------------------------------------------------------------------------------------------------------------------------
TOTAL                                                                                                                     6163   4029    35%

================================================================================ short test summary info ================================================================================
FAILED tests/test_unit/test_recommender_methods/test_hybrid_methods.py::test_select_list_of_posts_for_user - assert 0 > 0
================================================================ 8 failed, 113 passed, 65 warnings in 207.62s (0:03:27) =================================================================
PS C:\Users\patrik\PycharmProjects\moje-clanky-api-3> git status
On branch hybrid_recommend
Your branch is ahead of 'origin/hybrid_recommend' by 2 commits.
  (use "git push" to publish your local commits)

Last command done (1 command done):
   pick d9c535a initial commit
Next commands to do (88 remaining commands):
   pick 62f0faf LDA models reduced in size
   pick c7aacde Allowed methods for fast text saving, needs to be done on desktop
  (use "git rebase --edit-todo" to view and edit)
You are currently editing a commit while rebasing branch 'hybrid_recommend' on 'a909c59'.
  (use "git commit --amend" to amend the current commit)
  (use "git rebase --continue" once you are satisfied with your changes)

Changes to be committed:
  (use "git restore --staged <file>..." to unstage)
        new file:   tests/logs/logging.txt
        deleted:    tests/logs/test_logging.txt

Changes not staged for commit:
  (use "git add <file>..." to update what will be committed)
  (use "git restore <file>..." to discard changes in working directory)
  (commit or discard the untracked or modified content in submodules)
        modified:   .github/workflows/tests.yml
        modified:   fresh-api (modified content, untracked content)
        modified:   research/lda/dominant_topics_and_documents.csv
        modified:   src/recommender_core/recommender_algorithms/content_based_algorithms/doc2vec.py
        modified:   tests/db_cache/cached_posts_dataframe.pkl
        modified:   tests/testing_files/cached_posts_dataframe_test.pkl

Untracked files:
  (use "git add <file>..." to include in what will be committed)
        database/db_backups/core_testing_db_dumps/moje_clanky_core_testing_public_user_history.sql
        tests/logs/test_logging.txt

PS C:\Users\patrik\PycharmProjects\moje-clanky-api-3>
